#
# There is insufficient memory for the Java Runtime Environment to continue.
# Native memory allocation (mmap) failed to map 65536 bytes for Failed to commit metaspace.
# Possible reasons:
#   The system is out of physical RAM or swap space
#   The process is running with CompressedOops enabled, and the Java Heap may be blocking the growth of the native heap
# Possible solutions:
#   Reduce memory load on the system
#   Increase physical memory or swap space
#   Check if swap backing store is full
#   Decrease Java heap size (-Xmx/-Xms)
#   Decrease number of Java threads
#   Decrease Java thread stack sizes (-Xss)
#   Set larger code cache with -XX:ReservedCodeCacheSize=
#   JVM is running with Unscaled Compressed Oops mode in which the Java heap is
#     placed in the first 4GB address space. The Java Heap base address is the
#     maximum limit for the native heap growth. Please use -XX:HeapBaseMinAddress
#     to set the Java Heap base and to place the Java Heap above 4GB virtual address.
# This output file may be truncated or incomplete.
#
#  Out of Memory Error (virtualSpaceNode.cpp:110), pid=9524, tid=8400
#
# JRE version: Java(TM) SE Runtime Environment (17.0.12+8) (build 17.0.12+8-LTS-286)
# Java VM: Java HotSpot(TM) 64-Bit Server VM (17.0.12+8-LTS-286, mixed mode, tiered, compressed oops, compressed class ptrs, g1 gc, windows-amd64)
# No core dump will be written. Minidumps are not enabled by default on client versions of Windows
#

---------------  S U M M A R Y ------------

Command Line: -Dnet.bytebuddy.agent.attacher.dump= net.bytebuddy.agent.Attacher com.sun.tools.attach.VirtualMachine 27688 C:\Users\lulit\.m2\repository\net\bytebuddy\byte-buddy-agent\1.15.11\byte-buddy-agent-1.15.11.jar false 

Host: Intel(R) Core(TM) i5-1035G1 CPU @ 1.00GHz, 8 cores, 7G,  Windows 10 , 64 bit Build 19041 (10.0.19041.5438)
Time: Thu Apr 24 03:57:57 2025 Central Daylight Time elapsed time: 0.145605 seconds (0d 0h 0m 0s)

---------------  T H R E A D  ---------------

Current thread (0x0000018ef6399b70):  JavaThread "main" [_thread_in_vm, id=8400, stack(0x000000327f900000,0x000000327fa00000)]

Stack: [0x000000327f900000,0x000000327fa00000]
Native frames: (J=compiled Java code, j=interpreted, Vv=VM code, C=native code)
V  [jvm.dll+0x67a04a]
V  [jvm.dll+0x7da4ed]
V  [jvm.dll+0x7dbe33]
V  [jvm.dll+0x7dc4a3]
V  [jvm.dll+0x24508f]
V  [jvm.dll+0x7d60bb]
V  [jvm.dll+0x6206c6]
V  [jvm.dll+0x62072a]
V  [jvm.dll+0x622f4d]
V  [jvm.dll+0x621086]
V  [jvm.dll+0x2429bc]
V  [jvm.dll+0x6d0a9d]
V  [jvm.dll+0x6d146f]
V  [jvm.dll+0x36e355]
V  [jvm.dll+0x36d404]
V  [jvm.dll+0x36d3a8]
V  [jvm.dll+0x561be5]
V  [jvm.dll+0x560b6c]
V  [jvm.dll+0x380f73]
V  [jvm.dll+0x3805df]
C  0x0000018e8754a3ca

Java frames: (J=compiled Java code, j=interpreted, Vv=VM code)
j  java.lang.invoke.MethodHandle.asVarargsCollector(Ljava/lang/Class;)Ljava/lang/invoke/MethodHandle;+36 java.base@17.0.12
j  java.lang.invoke.MethodHandle.withVarargs(Z)Ljava/lang/invoke/MethodHandle;+33 java.base@17.0.12
j  java.lang.invoke.MethodHandle.setVarargs(Ljava/lang/invoke/MemberName;)Ljava/lang/invoke/MethodHandle;+11 java.base@17.0.12
j  java.lang.invoke.MethodHandles$Lookup.getDirectMethodCommon(BLjava/lang/Class;Ljava/lang/invoke/MemberName;ZZLjava/lang/invoke/MethodHandles$Lookup;)Ljava/lang/invoke/MethodHandle;+272 java.base@17.0.12
j  java.lang.invoke.MethodHandles$Lookup.getDirectMethodNoSecurityManager(BLjava/lang/Class;Ljava/lang/invoke/MemberName;Ljava/lang/invoke/MethodHandles$Lookup;)Ljava/lang/invoke/MethodHandle;+14 java.base@17.0.12
j  java.lang.invoke.MethodHandles$Lookup.getDirectMethodForConstant(BLjava/lang/Class;Ljava/lang/invoke/MemberName;)Ljava/lang/invoke/MethodHandle;+31 java.base@17.0.12
j  java.lang.invoke.MethodHandles$Lookup.linkMethodHandleConstant(BLjava/lang/Class;Ljava/lang/String;Ljava/lang/Object;)Ljava/lang/invoke/MethodHandle;+153 java.base@17.0.12
j  java.lang.invoke.MethodHandleNatives.linkMethodHandleConstant(Ljava/lang/Class;ILjava/lang/Class;Ljava/lang/String;Ljava/lang/Object;)Ljava/lang/invoke/MethodHandle;+38 java.base@17.0.12
v  ~StubRoutines::call_stub
j  sun.jvmstat.monitor.VmIdentifier.canonicalize(Ljava/lang/String;)Ljava/net/URI;+91 jdk.internal.jvmstat@17.0.12
j  sun.jvmstat.monitor.VmIdentifier.<init>(Ljava/lang/String;)V+6 jdk.internal.jvmstat@17.0.12
j  sun.tools.attach.HotSpotAttachProvider.testAttachable(Ljava/lang/String;)V+7 jdk.attach@17.0.12
j  sun.tools.attach.AttachProviderImpl.attachVirtualMachine(Ljava/lang/String;)Lcom/sun/tools/attach/VirtualMachine;+6 jdk.attach@17.0.12
j  com.sun.tools.attach.VirtualMachine.attach(Ljava/lang/String;)Lcom/sun/tools/attach/VirtualMachine;+69 jdk.attach@17.0.12
v  ~StubRoutines::call_stub
j  jdk.internal.reflect.NativeMethodAccessorImpl.invoke0(Ljava/lang/reflect/Method;Ljava/lang/Object;[Ljava/lang/Object;)Ljava/lang/Object;+0 java.base@17.0.12
j  jdk.internal.reflect.NativeMethodAccessorImpl.invoke(Ljava/lang/Object;[Ljava/lang/Object;)Ljava/lang/Object;+133 java.base@17.0.12
j  jdk.internal.reflect.DelegatingMethodAccessorImpl.invoke(Ljava/lang/Object;[Ljava/lang/Object;)Ljava/lang/Object;+6 java.base@17.0.12
j  java.lang.reflect.Method.invoke(Ljava/lang/Object;[Ljava/lang/Object;)Ljava/lang/Object;+59 java.base@17.0.12
j  net.bytebuddy.agent.Attacher.install(Ljava/lang/Class;Ljava/lang/String;Ljava/lang/String;ZLjava/lang/String;)V+24
j  net.bytebuddy.agent.Attacher.main([Ljava/lang/String;)V+86
v  ~StubRoutines::call_stub

---------------  P R O C E S S  ---------------

Threads class SMR info:
_java_thread_list=0x0000018e99184df0, length=12, elements={
0x0000018ef6399b70, 0x0000018eff5a8020, 0x0000018eff5a89e0, 0x0000018eff57a3d0,
0x0000018eff57ad90, 0x0000018eff57b750, 0x0000018eff57cec0, 0x0000018e9900cdb0,
0x0000018e99042890, 0x0000018e99043290, 0x0000018e991a3ac0, 0x0000018e991b65d0
}

Java Threads: ( => current thread )
=>0x0000018ef6399b70 JavaThread "main" [_thread_in_vm, id=8400, stack(0x000000327f900000,0x000000327fa00000)]
  0x0000018eff5a8020 JavaThread "Reference Handler" daemon [_thread_blocked, id=28788, stack(0x0000003200000000,0x0000003200100000)]
  0x0000018eff5a89e0 JavaThread "Finalizer" daemon [_thread_blocked, id=22388, stack(0x0000003200100000,0x0000003200200000)]
  0x0000018eff57a3d0 JavaThread "Signal Dispatcher" daemon [_thread_blocked, id=25868, stack(0x0000003200200000,0x0000003200300000)]
  0x0000018eff57ad90 JavaThread "Attach Listener" daemon [_thread_blocked, id=26164, stack(0x0000003200300000,0x0000003200400000)]
  0x0000018eff57b750 JavaThread "Service Thread" daemon [_thread_blocked, id=11640, stack(0x0000003200400000,0x0000003200500000)]
  0x0000018eff57cec0 JavaThread "Monitor Deflation Thread" daemon [_thread_blocked, id=24120, stack(0x0000003200500000,0x0000003200600000)]
  0x0000018e9900cdb0 JavaThread "C2 CompilerThread0" daemon [_thread_blocked, id=6156, stack(0x0000003200600000,0x0000003200700000)]
  0x0000018e99042890 JavaThread "C1 CompilerThread0" daemon [_thread_blocked, id=17544, stack(0x0000003200700000,0x0000003200800000)]
  0x0000018e99043290 JavaThread "Sweeper thread" daemon [_thread_blocked, id=23160, stack(0x0000003200800000,0x0000003200900000)]
  0x0000018e991a3ac0 JavaThread "Notification Thread" daemon [_thread_blocked, id=15996, stack(0x0000003200900000,0x0000003200a00000)]
  0x0000018e991b65d0 JavaThread "Common-Cleaner" daemon [_thread_blocked, id=15484, stack(0x0000003200b00000,0x0000003200c00000)]

Other Threads:
  0x0000018eff5331c0 VMThread "VM Thread" [stack: 0x000000327ff00000,0x0000003280000000] [id=3808]
  0x0000018ef6414ff0 WatcherThread [stack: 0x0000003200a00000,0x0000003200b00000] [id=27960]
  0x0000018ef63f3270 GCTaskThread "GC Thread#0" [stack: 0x000000327fa00000,0x000000327fb00000] [id=20172]
  0x0000018ef64048d0 ConcurrentGCThread "G1 Main Marker" [stack: 0x000000327fb00000,0x000000327fc00000] [id=28780]
  0x0000018ef6406990 ConcurrentGCThread "G1 Conc#0" [stack: 0x000000327fc00000,0x000000327fd00000] [id=23232]
  0x0000018ef646e4b0 ConcurrentGCThread "G1 Refine#0" [stack: 0x000000327fd00000,0x000000327fe00000] [id=23696]
  0x0000018eff3c0090 ConcurrentGCThread "G1 Service" [stack: 0x000000327fe00000,0x000000327ff00000] [id=31588]

Threads with active compile tasks:

VM state: not at safepoint (normal execution)

VM Mutex/Monitor currently owned by a thread:  ([mutex/lock_event])
[0x0000018ef63932e0] Metaspace_lock - owner thread: 0x0000018ef6399b70

Heap address: 0x0000000084000000, size: 1984 MB, Compressed Oops mode: 32-bit

CDS archive(s) not mapped
Compressed class space mapped at: 0x0000000100000000-0x0000000140000000, reserved size: 1073741824
Narrow klass base: 0x0000000000000000, Narrow klass shift: 3, Narrow klass range: 0x140000000

GC Precious Log:
 CPUs: 8 total, 8 available
 Memory: 7934M
 Large Page Support: Disabled
 NUMA Support: Disabled
 Compressed Oops: Enabled (32-bit)
 Heap Region Size: 1M
 Heap Min Capacity: 8M
 Heap Initial Capacity: 124M
 Heap Max Capacity: 1984M
 Pre-touch: Disabled
 Parallel Workers: 8
 Concurrent Workers: 2
 Concurrent Refinement Workers: 8
 Periodic GC: Disabled

Heap:
 garbage-first heap   total 126976K, used 1024K [0x0000000084000000, 0x0000000100000000)
  region size 1024K, 2 young (2048K), 0 survivors (0K)
 Metaspace       used 5582K, committed 5632K, reserved 1114112K
  class space    used 472K, committed 512K, reserved 1048576K

Heap Regions: E=young(eden), S=young(survivor), O=old, HS=humongous(starts), HC=humongous(continues), CS=collection set, F=free, OA=open archive, CA=closed archive, TAMS=top-at-mark-start (previous, next)
|   0|0x0000000084000000, 0x0000000084000000, 0x0000000084100000|  0%| F|  |TAMS 0x0000000084000000, 0x0000000084000000| Untracked 
|   1|0x0000000084100000, 0x0000000084100000, 0x0000000084200000|  0%| F|  |TAMS 0x0000000084100000, 0x0000000084100000| Untracked 
|   2|0x0000000084200000, 0x0000000084200000, 0x0000000084300000|  0%| F|  |TAMS 0x0000000084200000, 0x0000000084200000| Untracked 
|   3|0x0000000084300000, 0x0000000084300000, 0x0000000084400000|  0%| F|  |TAMS 0x0000000084300000, 0x0000000084300000| Untracked 
|   4|0x0000000084400000, 0x0000000084400000, 0x0000000084500000|  0%| F|  |TAMS 0x0000000084400000, 0x0000000084400000| Untracked 
|   5|0x0000000084500000, 0x0000000084500000, 0x0000000084600000|  0%| F|  |TAMS 0x0000000084500000, 0x0000000084500000| Untracked 
|   6|0x0000000084600000, 0x0000000084600000, 0x0000000084700000|  0%| F|  |TAMS 0x0000000084600000, 0x0000000084600000| Untracked 
|   7|0x0000000084700000, 0x0000000084700000, 0x0000000084800000|  0%| F|  |TAMS 0x0000000084700000, 0x0000000084700000| Untracked 
|   8|0x0000000084800000, 0x0000000084800000, 0x0000000084900000|  0%| F|  |TAMS 0x0000000084800000, 0x0000000084800000| Untracked 
|   9|0x0000000084900000, 0x0000000084900000, 0x0000000084a00000|  0%| F|  |TAMS 0x0000000084900000, 0x0000000084900000| Untracked 
|  10|0x0000000084a00000, 0x0000000084a00000, 0x0000000084b00000|  0%| F|  |TAMS 0x0000000084a00000, 0x0000000084a00000| Untracked 
|  11|0x0000000084b00000, 0x0000000084b00000, 0x0000000084c00000|  0%| F|  |TAMS 0x0000000084b00000, 0x0000000084b00000| Untracked 
|  12|0x0000000084c00000, 0x0000000084c00000, 0x0000000084d00000|  0%| F|  |TAMS 0x0000000084c00000, 0x0000000084c00000| Untracked 
|  13|0x0000000084d00000, 0x0000000084d00000, 0x0000000084e00000|  0%| F|  |TAMS 0x0000000084d00000, 0x0000000084d00000| Untracked 
|  14|0x0000000084e00000, 0x0000000084e00000, 0x0000000084f00000|  0%| F|  |TAMS 0x0000000084e00000, 0x0000000084e00000| Untracked 
|  15|0x0000000084f00000, 0x0000000084f00000, 0x0000000085000000|  0%| F|  |TAMS 0x0000000084f00000, 0x0000000084f00000| Untracked 
|  16|0x0000000085000000, 0x0000000085000000, 0x0000000085100000|  0%| F|  |TAMS 0x0000000085000000, 0x0000000085000000| Untracked 
|  17|0x0000000085100000, 0x0000000085100000, 0x0000000085200000|  0%| F|  |TAMS 0x0000000085100000, 0x0000000085100000| Untracked 
|  18|0x0000000085200000, 0x0000000085200000, 0x0000000085300000|  0%| F|  |TAMS 0x0000000085200000, 0x0000000085200000| Untracked 
|  19|0x0000000085300000, 0x0000000085300000, 0x0000000085400000|  0%| F|  |TAMS 0x0000000085300000, 0x0000000085300000| Untracked 
|  20|0x0000000085400000, 0x0000000085400000, 0x0000000085500000|  0%| F|  |TAMS 0x0000000085400000, 0x0000000085400000| Untracked 
|  21|0x0000000085500000, 0x0000000085500000, 0x0000000085600000|  0%| F|  |TAMS 0x0000000085500000, 0x0000000085500000| Untracked 
|  22|0x0000000085600000, 0x0000000085600000, 0x0000000085700000|  0%| F|  |TAMS 0x0000000085600000, 0x0000000085600000| Untracked 
|  23|0x0000000085700000, 0x0000000085700000, 0x0000000085800000|  0%| F|  |TAMS 0x0000000085700000, 0x0000000085700000| Untracked 
|  24|0x0000000085800000, 0x0000000085800000, 0x0000000085900000|  0%| F|  |TAMS 0x0000000085800000, 0x0000000085800000| Untracked 
|  25|0x0000000085900000, 0x0000000085900000, 0x0000000085a00000|  0%| F|  |TAMS 0x0000000085900000, 0x0000000085900000| Untracked 
|  26|0x0000000085a00000, 0x0000000085a00000, 0x0000000085b00000|  0%| F|  |TAMS 0x0000000085a00000, 0x0000000085a00000| Untracked 
|  27|0x0000000085b00000, 0x0000000085b00000, 0x0000000085c00000|  0%| F|  |TAMS 0x0000000085b00000, 0x0000000085b00000| Untracked 
|  28|0x0000000085c00000, 0x0000000085c00000, 0x0000000085d00000|  0%| F|  |TAMS 0x0000000085c00000, 0x0000000085c00000| Untracked 
|  29|0x0000000085d00000, 0x0000000085d00000, 0x0000000085e00000|  0%| F|  |TAMS 0x0000000085d00000, 0x0000000085d00000| Untracked 
|  30|0x0000000085e00000, 0x0000000085e00000, 0x0000000085f00000|  0%| F|  |TAMS 0x0000000085e00000, 0x0000000085e00000| Untracked 
|  31|0x0000000085f00000, 0x0000000085f00000, 0x0000000086000000|  0%| F|  |TAMS 0x0000000085f00000, 0x0000000085f00000| Untracked 
|  32|0x0000000086000000, 0x0000000086000000, 0x0000000086100000|  0%| F|  |TAMS 0x0000000086000000, 0x0000000086000000| Untracked 
|  33|0x0000000086100000, 0x0000000086100000, 0x0000000086200000|  0%| F|  |TAMS 0x0000000086100000, 0x0000000086100000| Untracked 
|  34|0x0000000086200000, 0x0000000086200000, 0x0000000086300000|  0%| F|  |TAMS 0x0000000086200000, 0x0000000086200000| Untracked 
|  35|0x0000000086300000, 0x0000000086300000, 0x0000000086400000|  0%| F|  |TAMS 0x0000000086300000, 0x0000000086300000| Untracked 
|  36|0x0000000086400000, 0x0000000086400000, 0x0000000086500000|  0%| F|  |TAMS 0x0000000086400000, 0x0000000086400000| Untracked 
|  37|0x0000000086500000, 0x0000000086500000, 0x0000000086600000|  0%| F|  |TAMS 0x0000000086500000, 0x0000000086500000| Untracked 
|  38|0x0000000086600000, 0x0000000086600000, 0x0000000086700000|  0%| F|  |TAMS 0x0000000086600000, 0x0000000086600000| Untracked 
|  39|0x0000000086700000, 0x0000000086700000, 0x0000000086800000|  0%| F|  |TAMS 0x0000000086700000, 0x0000000086700000| Untracked 
|  40|0x0000000086800000, 0x0000000086800000, 0x0000000086900000|  0%| F|  |TAMS 0x0000000086800000, 0x0000000086800000| Untracked 
|  41|0x0000000086900000, 0x0000000086900000, 0x0000000086a00000|  0%| F|  |TAMS 0x0000000086900000, 0x0000000086900000| Untracked 
|  42|0x0000000086a00000, 0x0000000086a00000, 0x0000000086b00000|  0%| F|  |TAMS 0x0000000086a00000, 0x0000000086a00000| Untracked 
|  43|0x0000000086b00000, 0x0000000086b00000, 0x0000000086c00000|  0%| F|  |TAMS 0x0000000086b00000, 0x0000000086b00000| Untracked 
|  44|0x0000000086c00000, 0x0000000086c00000, 0x0000000086d00000|  0%| F|  |TAMS 0x0000000086c00000, 0x0000000086c00000| Untracked 
|  45|0x0000000086d00000, 0x0000000086d00000, 0x0000000086e00000|  0%| F|  |TAMS 0x0000000086d00000, 0x0000000086d00000| Untracked 
|  46|0x0000000086e00000, 0x0000000086e00000, 0x0000000086f00000|  0%| F|  |TAMS 0x0000000086e00000, 0x0000000086e00000| Untracked 
|  47|0x0000000086f00000, 0x0000000086f00000, 0x0000000087000000|  0%| F|  |TAMS 0x0000000086f00000, 0x0000000086f00000| Untracked 
|  48|0x0000000087000000, 0x0000000087000000, 0x0000000087100000|  0%| F|  |TAMS 0x0000000087000000, 0x0000000087000000| Untracked 
|  49|0x0000000087100000, 0x0000000087100000, 0x0000000087200000|  0%| F|  |TAMS 0x0000000087100000, 0x0000000087100000| Untracked 
|  50|0x0000000087200000, 0x0000000087200000, 0x0000000087300000|  0%| F|  |TAMS 0x0000000087200000, 0x0000000087200000| Untracked 
|  51|0x0000000087300000, 0x0000000087300000, 0x0000000087400000|  0%| F|  |TAMS 0x0000000087300000, 0x0000000087300000| Untracked 
|  52|0x0000000087400000, 0x0000000087400000, 0x0000000087500000|  0%| F|  |TAMS 0x0000000087400000, 0x0000000087400000| Untracked 
|  53|0x0000000087500000, 0x0000000087500000, 0x0000000087600000|  0%| F|  |TAMS 0x0000000087500000, 0x0000000087500000| Untracked 
|  54|0x0000000087600000, 0x0000000087600000, 0x0000000087700000|  0%| F|  |TAMS 0x0000000087600000, 0x0000000087600000| Untracked 
|  55|0x0000000087700000, 0x0000000087700000, 0x0000000087800000|  0%| F|  |TAMS 0x0000000087700000, 0x0000000087700000| Untracked 
|  56|0x0000000087800000, 0x0000000087800000, 0x0000000087900000|  0%| F|  |TAMS 0x0000000087800000, 0x0000000087800000| Untracked 
|  57|0x0000000087900000, 0x0000000087900000, 0x0000000087a00000|  0%| F|  |TAMS 0x0000000087900000, 0x0000000087900000| Untracked 
|  58|0x0000000087a00000, 0x0000000087a00000, 0x0000000087b00000|  0%| F|  |TAMS 0x0000000087a00000, 0x0000000087a00000| Untracked 
|  59|0x0000000087b00000, 0x0000000087b00000, 0x0000000087c00000|  0%| F|  |TAMS 0x0000000087b00000, 0x0000000087b00000| Untracked 
|  60|0x0000000087c00000, 0x0000000087c00000, 0x0000000087d00000|  0%| F|  |TAMS 0x0000000087c00000, 0x0000000087c00000| Untracked 
|  61|0x0000000087d00000, 0x0000000087d00000, 0x0000000087e00000|  0%| F|  |TAMS 0x0000000087d00000, 0x0000000087d00000| Untracked 
|  62|0x0000000087e00000, 0x0000000087e00000, 0x0000000087f00000|  0%| F|  |TAMS 0x0000000087e00000, 0x0000000087e00000| Untracked 
|  63|0x0000000087f00000, 0x0000000087f00000, 0x0000000088000000|  0%| F|  |TAMS 0x0000000087f00000, 0x0000000087f00000| Untracked 
|  64|0x0000000088000000, 0x0000000088000000, 0x0000000088100000|  0%| F|  |TAMS 0x0000000088000000, 0x0000000088000000| Untracked 
|  65|0x0000000088100000, 0x0000000088100000, 0x0000000088200000|  0%| F|  |TAMS 0x0000000088100000, 0x0000000088100000| Untracked 
|  66|0x0000000088200000, 0x0000000088200000, 0x0000000088300000|  0%| F|  |TAMS 0x0000000088200000, 0x0000000088200000| Untracked 
|  67|0x0000000088300000, 0x0000000088300000, 0x0000000088400000|  0%| F|  |TAMS 0x0000000088300000, 0x0000000088300000| Untracked 
|  68|0x0000000088400000, 0x0000000088400000, 0x0000000088500000|  0%| F|  |TAMS 0x0000000088400000, 0x0000000088400000| Untracked 
|  69|0x0000000088500000, 0x0000000088500000, 0x0000000088600000|  0%| F|  |TAMS 0x0000000088500000, 0x0000000088500000| Untracked 
|  70|0x0000000088600000, 0x0000000088600000, 0x0000000088700000|  0%| F|  |TAMS 0x0000000088600000, 0x0000000088600000| Untracked 
|  71|0x0000000088700000, 0x0000000088700000, 0x0000000088800000|  0%| F|  |TAMS 0x0000000088700000, 0x0000000088700000| Untracked 
|  72|0x0000000088800000, 0x0000000088800000, 0x0000000088900000|  0%| F|  |TAMS 0x0000000088800000, 0x0000000088800000| Untracked 
|  73|0x0000000088900000, 0x0000000088900000, 0x0000000088a00000|  0%| F|  |TAMS 0x0000000088900000, 0x0000000088900000| Untracked 
|  74|0x0000000088a00000, 0x0000000088a00000, 0x0000000088b00000|  0%| F|  |TAMS 0x0000000088a00000, 0x0000000088a00000| Untracked 
|  75|0x0000000088b00000, 0x0000000088b00000, 0x0000000088c00000|  0%| F|  |TAMS 0x0000000088b00000, 0x0000000088b00000| Untracked 
|  76|0x0000000088c00000, 0x0000000088c00000, 0x0000000088d00000|  0%| F|  |TAMS 0x0000000088c00000, 0x0000000088c00000| Untracked 
|  77|0x0000000088d00000, 0x0000000088d00000, 0x0000000088e00000|  0%| F|  |TAMS 0x0000000088d00000, 0x0000000088d00000| Untracked 
|  78|0x0000000088e00000, 0x0000000088e00000, 0x0000000088f00000|  0%| F|  |TAMS 0x0000000088e00000, 0x0000000088e00000| Untracked 
|  79|0x0000000088f00000, 0x0000000088f00000, 0x0000000089000000|  0%| F|  |TAMS 0x0000000088f00000, 0x0000000088f00000| Untracked 
|  80|0x0000000089000000, 0x0000000089000000, 0x0000000089100000|  0%| F|  |TAMS 0x0000000089000000, 0x0000000089000000| Untracked 
|  81|0x0000000089100000, 0x0000000089100000, 0x0000000089200000|  0%| F|  |TAMS 0x0000000089100000, 0x0000000089100000| Untracked 
|  82|0x0000000089200000, 0x0000000089200000, 0x0000000089300000|  0%| F|  |TAMS 0x0000000089200000, 0x0000000089200000| Untracked 
|  83|0x0000000089300000, 0x0000000089300000, 0x0000000089400000|  0%| F|  |TAMS 0x0000000089300000, 0x0000000089300000| Untracked 
|  84|0x0000000089400000, 0x0000000089400000, 0x0000000089500000|  0%| F|  |TAMS 0x0000000089400000, 0x0000000089400000| Untracked 
|  85|0x0000000089500000, 0x0000000089500000, 0x0000000089600000|  0%| F|  |TAMS 0x0000000089500000, 0x0000000089500000| Untracked 
|  86|0x0000000089600000, 0x0000000089600000, 0x0000000089700000|  0%| F|  |TAMS 0x0000000089600000, 0x0000000089600000| Untracked 
|  87|0x0000000089700000, 0x0000000089700000, 0x0000000089800000|  0%| F|  |TAMS 0x0000000089700000, 0x0000000089700000| Untracked 
|  88|0x0000000089800000, 0x0000000089800000, 0x0000000089900000|  0%| F|  |TAMS 0x0000000089800000, 0x0000000089800000| Untracked 
|  89|0x0000000089900000, 0x0000000089900000, 0x0000000089a00000|  0%| F|  |TAMS 0x0000000089900000, 0x0000000089900000| Untracked 
|  90|0x0000000089a00000, 0x0000000089a00000, 0x0000000089b00000|  0%| F|  |TAMS 0x0000000089a00000, 0x0000000089a00000| Untracked 
|  91|0x0000000089b00000, 0x0000000089b00000, 0x0000000089c00000|  0%| F|  |TAMS 0x0000000089b00000, 0x0000000089b00000| Untracked 
|  92|0x0000000089c00000, 0x0000000089c00000, 0x0000000089d00000|  0%| F|  |TAMS 0x0000000089c00000, 0x0000000089c00000| Untracked 
|  93|0x0000000089d00000, 0x0000000089d00000, 0x0000000089e00000|  0%| F|  |TAMS 0x0000000089d00000, 0x0000000089d00000| Untracked 
|  94|0x0000000089e00000, 0x0000000089e00000, 0x0000000089f00000|  0%| F|  |TAMS 0x0000000089e00000, 0x0000000089e00000| Untracked 
|  95|0x0000000089f00000, 0x0000000089f00000, 0x000000008a000000|  0%| F|  |TAMS 0x0000000089f00000, 0x0000000089f00000| Untracked 
|  96|0x000000008a000000, 0x000000008a000000, 0x000000008a100000|  0%| F|  |TAMS 0x000000008a000000, 0x000000008a000000| Untracked 
|  97|0x000000008a100000, 0x000000008a100000, 0x000000008a200000|  0%| F|  |TAMS 0x000000008a100000, 0x000000008a100000| Untracked 
|  98|0x000000008a200000, 0x000000008a200000, 0x000000008a300000|  0%| F|  |TAMS 0x000000008a200000, 0x000000008a200000| Untracked 
|  99|0x000000008a300000, 0x000000008a300000, 0x000000008a400000|  0%| F|  |TAMS 0x000000008a300000, 0x000000008a300000| Untracked 
| 100|0x000000008a400000, 0x000000008a400000, 0x000000008a500000|  0%| F|  |TAMS 0x000000008a400000, 0x000000008a400000| Untracked 
| 101|0x000000008a500000, 0x000000008a500000, 0x000000008a600000|  0%| F|  |TAMS 0x000000008a500000, 0x000000008a500000| Untracked 
| 102|0x000000008a600000, 0x000000008a600000, 0x000000008a700000|  0%| F|  |TAMS 0x000000008a600000, 0x000000008a600000| Untracked 
| 103|0x000000008a700000, 0x000000008a700000, 0x000000008a800000|  0%| F|  |TAMS 0x000000008a700000, 0x000000008a700000| Untracked 
| 104|0x000000008a800000, 0x000000008a800000, 0x000000008a900000|  0%| F|  |TAMS 0x000000008a800000, 0x000000008a800000| Untracked 
| 105|0x000000008a900000, 0x000000008a900000, 0x000000008aa00000|  0%| F|  |TAMS 0x000000008a900000, 0x000000008a900000| Untracked 
| 106|0x000000008aa00000, 0x000000008aa00000, 0x000000008ab00000|  0%| F|  |TAMS 0x000000008aa00000, 0x000000008aa00000| Untracked 
| 107|0x000000008ab00000, 0x000000008ab00000, 0x000000008ac00000|  0%| F|  |TAMS 0x000000008ab00000, 0x000000008ab00000| Untracked 
| 108|0x000000008ac00000, 0x000000008ac00000, 0x000000008ad00000|  0%| F|  |TAMS 0x000000008ac00000, 0x000000008ac00000| Untracked 
| 109|0x000000008ad00000, 0x000000008ad00000, 0x000000008ae00000|  0%| F|  |TAMS 0x000000008ad00000, 0x000000008ad00000| Untracked 
| 110|0x000000008ae00000, 0x000000008ae00000, 0x000000008af00000|  0%| F|  |TAMS 0x000000008ae00000, 0x000000008ae00000| Untracked 
| 111|0x000000008af00000, 0x000000008af00000, 0x000000008b000000|  0%| F|  |TAMS 0x000000008af00000, 0x000000008af00000| Untracked 
| 112|0x000000008b000000, 0x000000008b000000, 0x000000008b100000|  0%| F|  |TAMS 0x000000008b000000, 0x000000008b000000| Untracked 
| 113|0x000000008b100000, 0x000000008b100000, 0x000000008b200000|  0%| F|  |TAMS 0x000000008b100000, 0x000000008b100000| Untracked 
| 114|0x000000008b200000, 0x000000008b200000, 0x000000008b300000|  0%| F|  |TAMS 0x000000008b200000, 0x000000008b200000| Untracked 
| 115|0x000000008b300000, 0x000000008b300000, 0x000000008b400000|  0%| F|  |TAMS 0x000000008b300000, 0x000000008b300000| Untracked 
| 116|0x000000008b400000, 0x000000008b400000, 0x000000008b500000|  0%| F|  |TAMS 0x000000008b400000, 0x000000008b400000| Untracked 
| 117|0x000000008b500000, 0x000000008b500000, 0x000000008b600000|  0%| F|  |TAMS 0x000000008b500000, 0x000000008b500000| Untracked 
| 118|0x000000008b600000, 0x000000008b600000, 0x000000008b700000|  0%| F|  |TAMS 0x000000008b600000, 0x000000008b600000| Untracked 
| 119|0x000000008b700000, 0x000000008b700000, 0x000000008b800000|  0%| F|  |TAMS 0x000000008b700000, 0x000000008b700000| Untracked 
| 120|0x000000008b800000, 0x000000008b800000, 0x000000008b900000|  0%| F|  |TAMS 0x000000008b800000, 0x000000008b800000| Untracked 
| 121|0x000000008b900000, 0x000000008b900000, 0x000000008ba00000|  0%| F|  |TAMS 0x000000008b900000, 0x000000008b900000| Untracked 
| 122|0x000000008ba00000, 0x000000008ba76448, 0x000000008bb00000| 46%| E|  |TAMS 0x000000008ba00000, 0x000000008ba00000| Complete 
| 123|0x000000008bb00000, 0x000000008bc00000, 0x000000008bc00000|100%| E|CS|TAMS 0x000000008bb00000, 0x000000008bb00000| Complete 

Card table byte_map: [0x0000018efe370000,0x0000018efe750000] _byte_map_base: 0x0000018efdf50000

Marking Bits (Prev, Next): (CMBitMap*) 0x0000018ef63f3790, (CMBitMap*) 0x0000018ef63f37d0
 Prev Bits: [0x0000018e8f000000, 0x0000018e90f00000)
 Next Bits: [0x0000018e90f00000, 0x0000018e92e00000)

Polling page: 0x0000018ef5b70000

Metaspace:

Usage:
  Non-class:      4.99 MB used.
      Class:    472.41 KB used.
       Both:      5.45 MB used.

Virtual space:
  Non-class space:       64.00 MB reserved,       5.00 MB (  8%) committed,  1 nodes.
      Class space:        1.00 GB reserved,     512.00 KB ( <1%) committed,  1 nodes.
             Both:        1.06 GB reserved,       5.50 MB ( <1%) committed. 

Chunk freelists:
   Non-Class:  10.94 MB
       Class:  15.52 MB
        Both:  26.45 MB

MaxMetaspaceSize: unlimited
CompressedClassSpaceSize: 1.00 GB
Initial GC threshold: 21.00 MB
Current GC threshold: 21.00 MB
CDS: off
MetaspaceReclaimPolicy: balanced
 - commit_granule_bytes: 65536.
 - commit_granule_words: 8192.
 - virtual_space_node_default_size: 8388608.
 - enlarge_chunks_in_place: 1.
 - new_chunks_are_fully_committed: 0.
 - uncommit_free_chunks: 1.
 - use_allocation_guard: 0.
 - handle_deallocations: 1.


Internal statistics:

num_allocs_failed_limit: 0.
num_arena_births: 4.
num_arena_deaths: 0.
num_vsnodes_births: 2.
num_vsnodes_deaths: 0.
num_space_committed: 88.
num_space_uncommitted: 0.
num_chunks_returned_to_freelist: 0.
num_chunks_taken_from_freelist: 15.
num_chunk_merges: 0.
num_chunk_splits: 7.
num_chunks_enlarged: 6.
num_inconsistent_stats: 0.

CodeHeap 'non-profiled nmethods': size=120000Kb used=22Kb max_used=22Kb free=119977Kb
 bounds [0x0000018e87ad0000, 0x0000018e87d40000, 0x0000018e8f000000]
CodeHeap 'profiled nmethods': size=120000Kb used=140Kb max_used=140Kb free=119859Kb
 bounds [0x0000018e80000000, 0x0000018e80270000, 0x0000018e87530000]
CodeHeap 'non-nmethods': size=5760Kb used=1087Kb max_used=1087Kb free=4672Kb
 bounds [0x0000018e87530000, 0x0000018e877a0000, 0x0000018e87ad0000]
 total_blobs=453 nmethods=109 adapters=257
 compilation: enabled
              stopped_count=0, restarted_count=0
 full_count=0

Compilation events (20 events):
Event: 0.131 Thread 0x0000018e99042890   99       3       java.util.concurrent.ConcurrentHashMap::get (162 bytes)
Event: 0.131 Thread 0x0000018e99042890 nmethod 99 0x0000018e80020010 code [0x0000018e80020260, 0x0000018e80020d28]
Event: 0.136 Thread 0x0000018e99042890  100       3       java.lang.System::getSecurityManager (12 bytes)
Event: 0.136 Thread 0x0000018e9900cdb0  103       4       java.lang.String::charAt (25 bytes)
Event: 0.136 Thread 0x0000018e99042890 nmethod 100 0x0000018e80021010 code [0x0000018e800211a0, 0x0000018e80021318]
Event: 0.136 Thread 0x0000018e99042890  102       3       jdk.internal.module.ModuleReferenceImpl::hashCode (56 bytes)
Event: 0.136 Thread 0x0000018e99042890 nmethod 102 0x0000018e80021410 code [0x0000018e80021600, 0x0000018e80021a68]
Event: 0.136 Thread 0x0000018e99042890  105       3       jdk.internal.jimage.ImageStringsReader::unmaskedHashCode (166 bytes)
Event: 0.137 Thread 0x0000018e9900cdb0 nmethod 103 0x0000018e87ad4890 code [0x0000018e87ad4a20, 0x0000018e87ad4b08]
Event: 0.137 Thread 0x0000018e9900cdb0  106       4       java.nio.DirectByteBuffer::ix (10 bytes)
Event: 0.137 Thread 0x0000018e9900cdb0 nmethod 106 0x0000018e87ad4c10 code [0x0000018e87ad4d80, 0x0000018e87ad4df8]
Event: 0.137 Thread 0x0000018e9900cdb0  104       4       java.lang.ref.Reference::reachabilityFence (1 bytes)
Event: 0.139 Thread 0x0000018e99042890 nmethod 105 0x0000018e80021c10 code [0x0000018e80021e60, 0x0000018e80022a38]
Event: 0.139 Thread 0x0000018e99042890  101       3       java.lang.System::allowSecurityManager (13 bytes)
Event: 0.139 Thread 0x0000018e9900cdb0 nmethod 104 0x0000018e87ad4f10 code [0x0000018e87ad5080, 0x0000018e87ad50d8]
Event: 0.139 Thread 0x0000018e99042890 nmethod 101 0x0000018e80022f10 code [0x0000018e800230a0, 0x0000018e800231b8]
Event: 0.140 Thread 0x0000018e99042890  107       1       java.lang.module.ModuleDescriptor::isOpen (5 bytes)
Event: 0.140 Thread 0x0000018e99042890 nmethod 107 0x0000018e87ad5210 code [0x0000018e87ad53a0, 0x0000018e87ad5478]
Event: 0.143 Thread 0x0000018e99042890  109       1       java.lang.Enum::ordinal (5 bytes)
Event: 0.144 Thread 0x0000018e99042890 nmethod 109 0x0000018e87ad5810 code [0x0000018e87ad59a0, 0x0000018e87ad5a78]

GC Heap History (0 events):
No events

Deoptimization events (0 events):
No events

Classes unloaded (0 events):
No events

Classes redefined (0 events):
No events

Internal exceptions (0 events):
No events

VM Operations (2 events):
Event: 0.112 Executing VM operation: HandshakeAllThreads
Event: 0.112 Executing VM operation: HandshakeAllThreads done

Events (20 events):
Event: 0.141 loading class java/lang/invoke/MethodHandleImpl
Event: 0.141 loading class java/lang/invoke/MethodHandleImpl done
Event: 0.141 loading class java/lang/invoke/Invokers
Event: 0.141 loading class java/lang/invoke/Invokers done
Event: 0.141 loading class java/lang/invoke/LambdaForm$Kind
Event: 0.142 loading class java/lang/invoke/LambdaForm$Kind done
Event: 0.142 loading class java/lang/NoSuchMethodException
Event: 0.142 loading class java/lang/NoSuchMethodException done
Event: 0.142 loading class java/lang/invoke/LambdaForm$BasicType
Event: 0.142 loading class java/lang/invoke/LambdaForm$BasicType done
Event: 0.142 loading class java/lang/invoke/LambdaForm$Name
Event: 0.142 loading class java/lang/invoke/LambdaForm$Name done
Event: 0.142 loading class java/lang/invoke/LambdaForm$Holder
Event: 0.142 loading class java/lang/invoke/LambdaForm$Holder done
Event: 0.143 loading class java/lang/invoke/InvokerBytecodeGenerator
Event: 0.143 loading class java/lang/invoke/InvokerBytecodeGenerator done
Event: 0.143 loading class java/lang/invoke/InvokerBytecodeGenerator$2
Event: 0.143 loading class java/lang/invoke/InvokerBytecodeGenerator$2 done
Event: 0.143 loading class java/lang/invoke/MethodHandleImpl$Intrinsic
Event: 0.143 loading class java/lang/invoke/MethodHandleImpl$Intrinsic done


Dynamic libraries:
0x00007ff771590000 - 0x00007ff7715a0000 	C:\Program Files\Java\jdk-17\bin\java.exe
0x00007ffde8f70000 - 0x00007ffde9168000 	C:\Windows\SYSTEM32\ntdll.dll
0x00007ffde8250000 - 0x00007ffde8312000 	C:\Windows\System32\KERNEL32.DLL
0x00007ffde6930000 - 0x00007ffde6c2f000 	C:\Windows\System32\KERNELBASE.dll
0x00007ffde66e0000 - 0x00007ffde67e0000 	C:\Windows\System32\ucrtbase.dll
0x00007ffddeb60000 - 0x00007ffddeb79000 	C:\Program Files\Java\jdk-17\bin\jli.dll
0x00007ffddeb40000 - 0x00007ffddeb5b000 	C:\Program Files\Java\jdk-17\bin\VCRUNTIME140.dll
0x00007ffde8ce0000 - 0x00007ffde8d8f000 	C:\Windows\System32\ADVAPI32.dll
0x00007ffde7600000 - 0x00007ffde769e000 	C:\Windows\System32\msvcrt.dll
0x00007ffde7b50000 - 0x00007ffde7bef000 	C:\Windows\System32\sechost.dll
0x00007ffde8e00000 - 0x00007ffde8f23000 	C:\Windows\System32\RPCRT4.dll
0x00007ffde67e0000 - 0x00007ffde6807000 	C:\Windows\System32\bcrypt.dll
0x00007ffde7f80000 - 0x00007ffde811d000 	C:\Windows\System32\USER32.dll
0x00007ffde6610000 - 0x00007ffde6632000 	C:\Windows\System32\win32u.dll
0x00007ffdd4660000 - 0x00007ffdd48fa000 	C:\Windows\WinSxS\amd64_microsoft.windows.common-controls_6595b64144ccf1df_6.0.19041.4355_none_60b8b9eb71f62e16\COMCTL32.dll
0x00007ffde7bf0000 - 0x00007ffde7c1b000 	C:\Windows\System32\GDI32.dll
0x00007ffde6de0000 - 0x00007ffde6efa000 	C:\Windows\System32\gdi32full.dll
0x00007ffde6640000 - 0x00007ffde66dd000 	C:\Windows\System32\msvcp_win.dll
0x00007ffddfc50000 - 0x00007ffddfc5a000 	C:\Windows\SYSTEM32\VERSION.dll
0x00007ffde8540000 - 0x00007ffde856f000 	C:\Windows\System32\IMM32.DLL
0x00007ffde2010000 - 0x00007ffde201c000 	C:\Program Files\Java\jdk-17\bin\vcruntime140_1.dll
0x00007ffdbe430000 - 0x00007ffdbe4be000 	C:\Program Files\Java\jdk-17\bin\msvcp140.dll
0x00007ffd39130000 - 0x00007ffd39d10000 	C:\Program Files\Java\jdk-17\bin\server\jvm.dll
0x00007ffde7a90000 - 0x00007ffde7a98000 	C:\Windows\System32\PSAPI.DLL
0x00007ffdcada0000 - 0x00007ffdcada9000 	C:\Windows\SYSTEM32\WSOCK32.dll
0x00007ffdd4910000 - 0x00007ffdd4937000 	C:\Windows\SYSTEM32\WINMM.dll
0x00007ffde8d90000 - 0x00007ffde8dfb000 	C:\Windows\System32\WS2_32.dll
0x00007ffde4df0000 - 0x00007ffde4e02000 	C:\Windows\SYSTEM32\kernel.appcore.dll
0x00007ffdde6e0000 - 0x00007ffdde6ea000 	C:\Program Files\Java\jdk-17\bin\jimage.dll
0x00007ffde4200000 - 0x00007ffde43e4000 	C:\Windows\SYSTEM32\DBGHELP.DLL
0x00007ffdd1960000 - 0x00007ffdd1994000 	C:\Windows\SYSTEM32\dbgcore.DLL
0x00007ffde6f00000 - 0x00007ffde6f82000 	C:\Windows\System32\bcryptPrimitives.dll
0x00007ffdbda80000 - 0x00007ffdbdaa5000 	C:\Program Files\Java\jdk-17\bin\java.dll
0x00007ffd900d0000 - 0x00007ffd901a7000 	C:\Program Files\Java\jdk-17\bin\jsvml.dll
0x00007ffde8570000 - 0x00007ffde8cdd000 	C:\Windows\System32\SHELL32.dll
0x00007ffde4630000 - 0x00007ffde4dd4000 	C:\Windows\SYSTEM32\windows.storage.dll
0x00007ffde7c20000 - 0x00007ffde7f75000 	C:\Windows\System32\combase.dll
0x00007ffde5f70000 - 0x00007ffde5f9b000 	C:\Windows\SYSTEM32\Wldp.dll
0x00007ffde6ff0000 - 0x00007ffde70bd000 	C:\Windows\System32\OLEAUT32.dll
0x00007ffde77e0000 - 0x00007ffde788d000 	C:\Windows\System32\SHCORE.dll
0x00007ffde8320000 - 0x00007ffde8375000 	C:\Windows\System32\shlwapi.dll
0x00007ffde6540000 - 0x00007ffde6565000 	C:\Windows\SYSTEM32\profapi.dll
0x00007ffdbf530000 - 0x00007ffdbf549000 	C:\Program Files\Java\jdk-17\bin\net.dll
0x00007ffddcdd0000 - 0x00007ffddceda000 	C:\Windows\SYSTEM32\WINHTTP.dll
0x00007ffde5c80000 - 0x00007ffde5cec000 	C:\Windows\system32\mswsock.dll
0x00007ffdbf3f0000 - 0x00007ffdbf406000 	C:\Program Files\Java\jdk-17\bin\nio.dll
0x00007ffdbf1d0000 - 0x00007ffdbf1e8000 	C:\Program Files\Java\jdk-17\bin\zip.dll
0x00007ffdc5a10000 - 0x00007ffdc5a19000 	C:\Program Files\Java\jdk-17\bin\attach.dll

dbghelp: loaded successfully - version: 4.0.5 - missing functions: none
symbol engine: initialized successfully - sym options: 0x614 - pdb path: .;C:\Program Files\Java\jdk-17\bin;C:\Windows\SYSTEM32;C:\Windows\WinSxS\amd64_microsoft.windows.common-controls_6595b64144ccf1df_6.0.19041.4355_none_60b8b9eb71f62e16;C:\Program Files\Java\jdk-17\bin\server

VM Arguments:
jvm_args: -Dnet.bytebuddy.agent.attacher.dump= 
java_command: net.bytebuddy.agent.Attacher com.sun.tools.attach.VirtualMachine 27688 C:\Users\lulit\.m2\repository\net\bytebuddy\byte-buddy-agent\1.15.11\byte-buddy-agent-1.15.11.jar false 
java_class_path (initial): C:\Users\lulit\.m2\repository\net\bytebuddy\byte-buddy-agent\1.15.11\byte-buddy-agent-1.15.11.jar
Launcher Type: SUN_STANDARD

[Global flags]
     intx CICompilerCount                          = 4                                         {product} {ergonomic}
     uint ConcGCThreads                            = 2                                         {product} {ergonomic}
     uint G1ConcRefinementThreads                  = 8                                         {product} {ergonomic}
   size_t G1HeapRegionSize                         = 1048576                                   {product} {ergonomic}
    uintx GCDrainStackTargetSize                   = 64                                        {product} {ergonomic}
   size_t InitialHeapSize                          = 130023424                                 {product} {ergonomic}
   size_t MarkStackSize                            = 4194304                                   {product} {ergonomic}
   size_t MaxHeapSize                              = 2080374784                                {product} {ergonomic}
   size_t MaxNewSize                               = 1247805440                                {product} {ergonomic}
   size_t MinHeapDeltaBytes                        = 1048576                                   {product} {ergonomic}
   size_t MinHeapSize                              = 8388608                                   {product} {ergonomic}
    uintx NonNMethodCodeHeapSize                   = 5839372                                {pd product} {ergonomic}
    uintx NonProfiledCodeHeapSize                  = 122909434                              {pd product} {ergonomic}
    uintx ProfiledCodeHeapSize                     = 122909434                              {pd product} {ergonomic}
    uintx ReservedCodeCacheSize                    = 251658240                              {pd product} {ergonomic}
     bool SegmentedCodeCache                       = true                                      {product} {ergonomic}
   size_t SoftMaxHeapSize                          = 2080374784                             {manageable} {ergonomic}
     bool UseCompressedClassPointers               = true                           {product lp64_product} {ergonomic}
     bool UseCompressedOops                        = true                           {product lp64_product} {ergonomic}
     bool UseG1GC                                  = true                                      {product} {ergonomic}
     bool UseLargePagesIndividualAllocation        = false                                  {pd product} {ergonomic}

Logging:
Log output configuration:
 #0: stdout all=warning uptime,level,tags
 #1: stderr all=off uptime,level,tags

Environment Variables:
JAVA_HOME=C:\Program Files\Java\jdk-17
PATH=C:\Program Files\Java\jdk-17\bin;C:\Program Files (x86)\Common Files\Oracle\Java\javapath;C:\Program Files\Common Files\Oracle\Java\javapath;C:\Windows\system32;C:\Windows;C:\Windows\System32\Wbem;C:\Windows\System32\WindowsPowerShell\v1.0\;C:\Windows\System32\OpenSSH\;C:\Program Files (x86)\Git\cmd;C:\Program Files (x86)\Google\Cloud SDK\google-cloud-sdk\bin;C:\Program Files\Microsoft SQL Server\Client SDK\ODBC\170\Tools\Binn\;C:\Program Files (x86)\Microsoft SQL Server\150\Tools\Binn\;C:\Program Files\Microsoft SQL Server\150\Tools\Binn\;C:\Program Files\Microsoft SQL Server\150\DTS\Binn\;C:\Program Files (x86)\Microsoft SQL Server\150\DTS\Binn\;C:\Program Files\Azure Data Studio\bin;C:\Program Files\nodejs\;C:\Program Files\Docker\Docker\resources\bin;C:\ProgramData\chocolatey\bin;C:\Program Files\Amazon\AWSCLIV2\;C:\Program Files\MySQL\MySQL Server 8.0\bin;C:\Program Files\Cloudflare\Cloudflare WARP\;C:\Program Files\MySQL\MySQL Shell 8.0\bin\;C:\Users\lulit\AppData\Local\Microsoft\WindowsApps;C:\Users\lu;C:\Gradle\gradle-8.13\bin;C:\Program Files\MySQL\MySQL Shell 8.0\bin\;C:\Users\lulit\AppData\Local\Microsoft\WindowsApps;C:\Program Files\nodejs\;C:\Users\lulit\AppData\Local\GitHubDesktop\bin;C:\Users\lulit\AppData\Local\Programs\Microsoft VS Code\bin;C:\Program Files\MongoDB\Server\5.0\bin\;C:\Users\lulit\AppData\Local\Programs\mongosh\;C:\Program Files\MongoDB\Tools\100\bin\;C:\Program Files\apache-maven-3.8.3-bin\apache-maven-3.8.3\bin\;;C:\Program Files\Azure Data Studio\bin;C:\Users\lulit\AppData\Roaming\npm
USERNAME=lulit
OS=Windows_NT
PROCESSOR_IDENTIFIER=Intel64 Family 6 Model 126 Stepping 5, GenuineIntel



---------------  S Y S T E M  ---------------

OS:
 Windows 10 , 64 bit Build 19041 (10.0.19041.5438)
OS uptime: 4 days 14:42 hours
Hyper-V role detected

CPU: total 8 (initial active 8) (4 cores per cpu, 2 threads per core) family 6 model 126 stepping 5 microcode 0x78, cx8, cmov, fxsr, ht, mmx, 3dnowpref, sse, sse2, sse3, ssse3, sse4.1, sse4.2, popcnt, lzcnt, tsc, tscinvbit, avx, avx2, aes, erms, clmul, bmi1, bmi2, adx, avx512f, avx512dq, avx512cd, avx512bw, avx512vl, sha, fma, vzeroupper, avx512_vpopcntdq, avx512_vpclmulqdq, avx512_vaes, avx512_vnni, clflush, clflushopt, avx512_vbmi2, avx512_vbmi, hv

Memory: 4k page, system-wide physical 7934M (428M free)
TotalPageFile size 23260M (AvailPageFile size 2M)
current process WorkingSet (physical memory assigned to process): 29M, peak: 29M
current process commit charge ("private bytes"): 200M, peak: 201M

vm_info: Java HotSpot(TM) 64-Bit Server VM (17.0.12+8-LTS-286) for windows-amd64 JRE (17.0.12+8-LTS-286), built on Jun  5 2024 06:46:59 by "mach5one" with MS VC++ 17.6 (VS2022)

END.
