#
# There is insufficient memory for the Java Runtime Environment to continue.
# Native memory allocation (malloc) failed to allocate 1914896 bytes for Chunk::new
# Possible reasons:
#   The system is out of physical RAM or swap space
#   The process is running with CompressedOops enabled, and the Java Heap may be blocking the growth of the native heap
# Possible solutions:
#   Reduce memory load on the system
#   Increase physical memory or swap space
#   Check if swap backing store is full
#   Decrease Java heap size (-Xmx/-Xms)
#   Decrease number of Java threads
#   Decrease Java thread stack sizes (-Xss)
#   Set larger code cache with -XX:ReservedCodeCacheSize=
#   JVM is running with Unscaled Compressed Oops mode in which the Java heap is
#     placed in the first 4GB address space. The Java Heap base address is the
#     maximum limit for the native heap growth. Please use -XX:HeapBaseMinAddress
#     to set the Java Heap base and to place the Java Heap above 4GB virtual address.
# This output file may be truncated or incomplete.
#
#  Out of Memory Error (arena.cpp:189), pid=21112, tid=27572
#
# JRE version: Java(TM) SE Runtime Environment (17.0.12+8) (build 17.0.12+8-LTS-286)
# Java VM: Java HotSpot(TM) 64-Bit Server VM (17.0.12+8-LTS-286, mixed mode, sharing, tiered, compressed oops, compressed class ptrs, g1 gc, windows-amd64)
# No core dump will be written. Minidumps are not enabled by default on client versions of Windows
#

---------------  S U M M A R Y ------------

Command Line: C:\Users\lulit\AppData\Local\Temp\surefire2302892878365498509\surefirebooter-20250424035551124_3.jar C:\Users\lulit\AppData\Local\Temp\surefire2302892878365498509 2025-04-24T03-55-50_793-jvmRun1 surefire-20250424035551124_1tmp surefire_0-20250424035551124_2tmp

Host: Intel(R) Core(TM) i5-1035G1 CPU @ 1.00GHz, 8 cores, 7G,  Windows 10 , 64 bit Build 19041 (10.0.19041.5438)
Time: Thu Apr 24 03:55:55 2025 Central Daylight Time elapsed time: 3.653858 seconds (0d 0h 0m 3s)

---------------  T H R E A D  ---------------

Current thread (0x000001f62fd86660):  JavaThread "C2 CompilerThread1" daemon [_thread_in_native, id=27572, stack(0x000000588b500000,0x000000588b600000)]


Current CompileTask:
C2:   3654 2533   !   4       jdk.internal.loader.BuiltinClassLoader::loadClassOrNull (143 bytes)

Stack: [0x000000588b500000,0x000000588b600000]
Native frames: (J=compiled Java code, j=interpreted, Vv=VM code, C=native code)
V  [jvm.dll+0x67a04a]
V  [jvm.dll+0x7da4ed]
V  [jvm.dll+0x7dbe33]
V  [jvm.dll+0x7dc4a3]
V  [jvm.dll+0x24508f]
V  [jvm.dll+0xab773]
V  [jvm.dll+0xabd3c]
V  [jvm.dll+0x361bee]
V  [jvm.dll+0x1ba64a]
V  [jvm.dll+0x216997]
V  [jvm.dll+0x215c6f]
V  [jvm.dll+0x1a2960]
V  [jvm.dll+0x22610b]
V  [jvm.dll+0x2242ab]
V  [jvm.dll+0x79075c]
V  [jvm.dll+0x78abea]
V  [jvm.dll+0x678f35]
C  [ucrtbase.dll+0x21bb2]
C  [KERNEL32.DLL+0x17374]
C  [ntdll.dll+0x4cc91]


---------------  P R O C E S S  ---------------

Threads class SMR info:
_java_thread_list=0x000001f676ece3e0, length=17, elements={
0x000001f611dd7830, 0x000001f62fd5ab50, 0x000001f62fd5d520, 0x000001f62fd762c0,
0x000001f62fd76c80, 0x000001f62fd77640, 0x000001f62fd78000, 0x000001f62fd7c2a0,
0x000001f62fd880f0, 0x000001f62fd8a5b0, 0x000001f6750ce920, 0x000001f6750db240,
0x000001f6751af370, 0x000001f6755ddd80, 0x000001f62fd86660, 0x000001f676cc6bf0,
0x000001f6776dde50
}

Java Threads: ( => current thread )
  0x000001f611dd7830 JavaThread "main" [_thread_in_vm, id=25824, stack(0x000000588a000000,0x000000588a100000)]
  0x000001f62fd5ab50 JavaThread "Reference Handler" daemon [_thread_blocked, id=13724, stack(0x000000588a700000,0x000000588a800000)]
  0x000001f62fd5d520 JavaThread "Finalizer" daemon [_thread_blocked, id=27468, stack(0x000000588a800000,0x000000588a900000)]
  0x000001f62fd762c0 JavaThread "Signal Dispatcher" daemon [_thread_blocked, id=28676, stack(0x000000588a900000,0x000000588aa00000)]
  0x000001f62fd76c80 JavaThread "Attach Listener" daemon [_thread_blocked, id=28972, stack(0x000000588aa00000,0x000000588ab00000)]
  0x000001f62fd77640 JavaThread "Service Thread" daemon [_thread_blocked, id=25536, stack(0x000000588ab00000,0x000000588ac00000)]
  0x000001f62fd78000 JavaThread "Monitor Deflation Thread" daemon [_thread_blocked, id=25012, stack(0x000000588ac00000,0x000000588ad00000)]
  0x000001f62fd7c2a0 JavaThread "C2 CompilerThread0" daemon [_thread_in_native, id=3004, stack(0x000000588ad00000,0x000000588ae00000)]
  0x000001f62fd880f0 JavaThread "C1 CompilerThread0" daemon [_thread_blocked, id=31004, stack(0x000000588ae00000,0x000000588af00000)]
  0x000001f62fd8a5b0 JavaThread "Sweeper thread" daemon [_thread_blocked, id=25884, stack(0x000000588af00000,0x000000588b000000)]
  0x000001f6750ce920 JavaThread "Notification Thread" daemon [_thread_blocked, id=30280, stack(0x000000588b000000,0x000000588b100000)]
  0x000001f6750db240 JavaThread "Common-Cleaner" daemon [_thread_blocked, id=18864, stack(0x000000588b200000,0x000000588b300000)]
  0x000001f6751af370 JavaThread "surefire-forkedjvm-stream-flusher" daemon [_thread_blocked, id=19284, stack(0x000000588b300000,0x000000588b400000)]
  0x000001f6755ddd80 JavaThread "surefire-forkedjvm-command-thread" daemon [_thread_in_native, id=21572, stack(0x000000588b400000,0x000000588b500000)]
=>0x000001f62fd86660 JavaThread "C2 CompilerThread1" daemon [_thread_in_native, id=27572, stack(0x000000588b500000,0x000000588b600000)]
  0x000001f676cc6bf0 JavaThread "background-preinit" [_thread_in_vm, id=28932, stack(0x000000588be00000,0x000000588bf00000)]
  0x000001f6776dde50 JavaThread "Thread-3" [_thread_in_native, id=25648, stack(0x000000588bf00000,0x000000588c000000)]

Other Threads:
  0x000001f62fd57180 VMThread "VM Thread" [stack: 0x000000588a600000,0x000000588a700000] [id=23532]
  0x000001f62fd623c0 WatcherThread [stack: 0x000000588b100000,0x000000588b200000] [id=29308]
  0x000001f611e31ad0 GCTaskThread "GC Thread#0" [stack: 0x000000588a100000,0x000000588a200000] [id=22992]
  0x000001f6752ceab0 GCTaskThread "GC Thread#1" [stack: 0x000000588b600000,0x000000588b700000] [id=26084]
  0x000001f6752d00b0 GCTaskThread "GC Thread#2" [stack: 0x000000588b700000,0x000000588b800000] [id=25460]
  0x000001f6752cfb30 GCTaskThread "GC Thread#3" [stack: 0x000000588b800000,0x000000588b900000] [id=22832]
  0x000001f6752ced70 GCTaskThread "GC Thread#4" [stack: 0x000000588b900000,0x000000588ba00000] [id=30672]
  0x000001f6752cf030 GCTaskThread "GC Thread#5" [stack: 0x000000588ba00000,0x000000588bb00000] [id=5880]
  0x000001f6752d0370 GCTaskThread "GC Thread#6" [stack: 0x000000588bb00000,0x000000588bc00000] [id=23964]
  0x000001f6752cfdf0 GCTaskThread "GC Thread#7" [stack: 0x000000588bc00000,0x000000588bd00000] [id=24300]
  0x000001f611e42830 ConcurrentGCThread "G1 Main Marker" [stack: 0x000000588a200000,0x000000588a300000] [id=18444]
  0x000001f611e439e0 ConcurrentGCThread "G1 Conc#0" [stack: 0x000000588a300000,0x000000588a400000] [id=23588]
  0x000001f6752cf870 ConcurrentGCThread "G1 Conc#1" [stack: 0x0000000000000000,0x0000000000000000] [id=22892]
  0x000001f611ead2e0 ConcurrentGCThread "G1 Refine#0" [stack: 0x000000588a400000,0x000000588a500000] [id=29656]
  0x000001f67618f510 ConcurrentGCThread "G1 Refine#1" [stack: 0x000000588bd00000,0x000000588be00000] [id=17788]
  0x000001f611eaeac0 ConcurrentGCThread "G1 Service" [stack: 0x000000588a500000,0x000000588a600000] [id=13088]

Threads with active compile tasks:
C2 CompilerThread0     3696 2703   !   4       java.net.URL::<init> (543 bytes)
C2 CompilerThread1     3696 2533   !   4       jdk.internal.loader.BuiltinClassLoader::loadClassOrNull (143 bytes)

VM state: not at safepoint (normal execution)

VM Mutex/Monitor currently owned by a thread: None

Heap address: 0x0000000084000000, size: 1984 MB, Compressed Oops mode: 32-bit

CDS archive(s) mapped at: [0x000001f630000000-0x000001f630bd0000-0x000001f630bd0000), size 12386304, SharedBaseAddress: 0x000001f630000000, ArchiveRelocationMode: 1.
Compressed class space mapped at: 0x000001f631000000-0x000001f671000000, reserved size: 1073741824
Narrow klass base: 0x000001f630000000, Narrow klass shift: 0, Narrow klass range: 0x100000000

GC Precious Log:
 CPUs: 8 total, 8 available
 Memory: 7934M
 Large Page Support: Disabled
 NUMA Support: Disabled
 Compressed Oops: Enabled (32-bit)
 Heap Region Size: 1M
 Heap Min Capacity: 8M
 Heap Initial Capacity: 124M
 Heap Max Capacity: 1984M
 Pre-touch: Disabled
 Parallel Workers: 8
 Concurrent Workers: 2
 Concurrent Refinement Workers: 8
 Periodic GC: Disabled

Heap:
 garbage-first heap   total 126976K, used 16457K [0x0000000084000000, 0x0000000100000000)
  region size 1024K, 8 young (8192K), 6 survivors (6144K)
 Metaspace       used 21362K, committed 21632K, reserved 1114112K
  class space    used 2864K, committed 3008K, reserved 1048576K

Heap Regions: E=young(eden), S=young(survivor), O=old, HS=humongous(starts), HC=humongous(continues), CS=collection set, F=free, OA=open archive, CA=closed archive, TAMS=top-at-mark-start (previous, next)
|   0|0x0000000084000000, 0x0000000084100000, 0x0000000084100000|100%|HS|  |TAMS 0x0000000084000000, 0x0000000084100000| Complete 
|   1|0x0000000084100000, 0x0000000084200000, 0x0000000084200000|100%|HS|  |TAMS 0x0000000084100000, 0x0000000084200000| Complete 
|   2|0x0000000084200000, 0x0000000084300000, 0x0000000084300000|100%| O|  |TAMS 0x0000000084200000, 0x0000000084300000| Untracked 
|   3|0x0000000084300000, 0x0000000084400000, 0x0000000084400000|100%| O|  |TAMS 0x0000000084300000, 0x0000000084400000| Untracked 
|   4|0x0000000084400000, 0x0000000084500000, 0x0000000084500000|100%| O|  |TAMS 0x0000000084400000, 0x0000000084500000| Untracked 
|   5|0x0000000084500000, 0x0000000084600000, 0x0000000084600000|100%| O|  |TAMS 0x0000000084500000, 0x0000000084600000| Untracked 
|   6|0x0000000084600000, 0x0000000084700000, 0x0000000084700000|100%| O|  |TAMS 0x0000000084600000, 0x0000000084700000| Untracked 
|   7|0x0000000084700000, 0x0000000084800000, 0x0000000084800000|100%| O|  |TAMS 0x0000000084700000, 0x0000000084800000| Untracked 
|   8|0x0000000084800000, 0x0000000084900000, 0x0000000084900000|100%| O|  |TAMS 0x0000000084800000, 0x0000000084900000| Untracked 
|   9|0x0000000084900000, 0x000000008494fe00, 0x0000000084a00000| 31%| O|  |TAMS 0x0000000084900000, 0x000000008494fe00| Untracked 
|  10|0x0000000084a00000, 0x0000000084a00000, 0x0000000084b00000|  0%| F|  |TAMS 0x0000000084a00000, 0x0000000084a00000| Untracked 
|  11|0x0000000084b00000, 0x0000000084b00000, 0x0000000084c00000|  0%| F|  |TAMS 0x0000000084b00000, 0x0000000084b00000| Untracked 
|  12|0x0000000084c00000, 0x0000000084c00000, 0x0000000084d00000|  0%| F|  |TAMS 0x0000000084c00000, 0x0000000084c00000| Untracked 
|  13|0x0000000084d00000, 0x0000000084d00000, 0x0000000084e00000|  0%| F|  |TAMS 0x0000000084d00000, 0x0000000084d00000| Untracked 
|  14|0x0000000084e00000, 0x0000000084e00000, 0x0000000084f00000|  0%| F|  |TAMS 0x0000000084e00000, 0x0000000084e00000| Untracked 
|  15|0x0000000084f00000, 0x0000000084f00000, 0x0000000085000000|  0%| F|  |TAMS 0x0000000084f00000, 0x0000000084f00000| Untracked 
|  16|0x0000000085000000, 0x0000000085000000, 0x0000000085100000|  0%| F|  |TAMS 0x0000000085000000, 0x0000000085000000| Untracked 
|  17|0x0000000085100000, 0x0000000085100000, 0x0000000085200000|  0%| F|  |TAMS 0x0000000085100000, 0x0000000085100000| Untracked 
|  18|0x0000000085200000, 0x0000000085200000, 0x0000000085300000|  0%| F|  |TAMS 0x0000000085200000, 0x0000000085200000| Untracked 
|  19|0x0000000085300000, 0x0000000085300000, 0x0000000085400000|  0%| F|  |TAMS 0x0000000085300000, 0x0000000085300000| Untracked 
|  20|0x0000000085400000, 0x0000000085400000, 0x0000000085500000|  0%| F|  |TAMS 0x0000000085400000, 0x0000000085400000| Untracked 
|  21|0x0000000085500000, 0x0000000085500000, 0x0000000085600000|  0%| F|  |TAMS 0x0000000085500000, 0x0000000085500000| Untracked 
|  22|0x0000000085600000, 0x0000000085600000, 0x0000000085700000|  0%| F|  |TAMS 0x0000000085600000, 0x0000000085600000| Untracked 
|  23|0x0000000085700000, 0x0000000085700000, 0x0000000085800000|  0%| F|  |TAMS 0x0000000085700000, 0x0000000085700000| Untracked 
|  24|0x0000000085800000, 0x0000000085800000, 0x0000000085900000|  0%| F|  |TAMS 0x0000000085800000, 0x0000000085800000| Untracked 
|  25|0x0000000085900000, 0x0000000085900000, 0x0000000085a00000|  0%| F|  |TAMS 0x0000000085900000, 0x0000000085900000| Untracked 
|  26|0x0000000085a00000, 0x0000000085a00000, 0x0000000085b00000|  0%| F|  |TAMS 0x0000000085a00000, 0x0000000085a00000| Untracked 
|  27|0x0000000085b00000, 0x0000000085b00000, 0x0000000085c00000|  0%| F|  |TAMS 0x0000000085b00000, 0x0000000085b00000| Untracked 
|  28|0x0000000085c00000, 0x0000000085c00000, 0x0000000085d00000|  0%| F|  |TAMS 0x0000000085c00000, 0x0000000085c00000| Untracked 
|  29|0x0000000085d00000, 0x0000000085d00000, 0x0000000085e00000|  0%| F|  |TAMS 0x0000000085d00000, 0x0000000085d00000| Untracked 
|  30|0x0000000085e00000, 0x0000000085e00000, 0x0000000085f00000|  0%| F|  |TAMS 0x0000000085e00000, 0x0000000085e00000| Untracked 
|  31|0x0000000085f00000, 0x0000000085f00000, 0x0000000086000000|  0%| F|  |TAMS 0x0000000085f00000, 0x0000000085f00000| Untracked 
|  32|0x0000000086000000, 0x0000000086000000, 0x0000000086100000|  0%| F|  |TAMS 0x0000000086000000, 0x0000000086000000| Untracked 
|  33|0x0000000086100000, 0x0000000086100000, 0x0000000086200000|  0%| F|  |TAMS 0x0000000086100000, 0x0000000086100000| Untracked 
|  34|0x0000000086200000, 0x0000000086200000, 0x0000000086300000|  0%| F|  |TAMS 0x0000000086200000, 0x0000000086200000| Untracked 
|  35|0x0000000086300000, 0x0000000086300000, 0x0000000086400000|  0%| F|  |TAMS 0x0000000086300000, 0x0000000086300000| Untracked 
|  36|0x0000000086400000, 0x0000000086400000, 0x0000000086500000|  0%| F|  |TAMS 0x0000000086400000, 0x0000000086400000| Untracked 
|  37|0x0000000086500000, 0x0000000086500000, 0x0000000086600000|  0%| F|  |TAMS 0x0000000086500000, 0x0000000086500000| Untracked 
|  38|0x0000000086600000, 0x0000000086600000, 0x0000000086700000|  0%| F|  |TAMS 0x0000000086600000, 0x0000000086600000| Untracked 
|  39|0x0000000086700000, 0x0000000086700000, 0x0000000086800000|  0%| F|  |TAMS 0x0000000086700000, 0x0000000086700000| Untracked 
|  40|0x0000000086800000, 0x0000000086800000, 0x0000000086900000|  0%| F|  |TAMS 0x0000000086800000, 0x0000000086800000| Untracked 
|  41|0x0000000086900000, 0x0000000086900000, 0x0000000086a00000|  0%| F|  |TAMS 0x0000000086900000, 0x0000000086900000| Untracked 
|  42|0x0000000086a00000, 0x0000000086a00000, 0x0000000086b00000|  0%| F|  |TAMS 0x0000000086a00000, 0x0000000086a00000| Untracked 
|  43|0x0000000086b00000, 0x0000000086b00000, 0x0000000086c00000|  0%| F|  |TAMS 0x0000000086b00000, 0x0000000086b00000| Untracked 
|  44|0x0000000086c00000, 0x0000000086c00000, 0x0000000086d00000|  0%| F|  |TAMS 0x0000000086c00000, 0x0000000086c00000| Untracked 
|  45|0x0000000086d00000, 0x0000000086d00000, 0x0000000086e00000|  0%| F|  |TAMS 0x0000000086d00000, 0x0000000086d00000| Untracked 
|  46|0x0000000086e00000, 0x0000000086e00000, 0x0000000086f00000|  0%| F|  |TAMS 0x0000000086e00000, 0x0000000086e00000| Untracked 
|  47|0x0000000086f00000, 0x0000000086f00000, 0x0000000087000000|  0%| F|  |TAMS 0x0000000086f00000, 0x0000000086f00000| Untracked 
|  48|0x0000000087000000, 0x0000000087000000, 0x0000000087100000|  0%| F|  |TAMS 0x0000000087000000, 0x0000000087000000| Untracked 
|  49|0x0000000087100000, 0x0000000087100000, 0x0000000087200000|  0%| F|  |TAMS 0x0000000087100000, 0x0000000087100000| Untracked 
|  50|0x0000000087200000, 0x0000000087200000, 0x0000000087300000|  0%| F|  |TAMS 0x0000000087200000, 0x0000000087200000| Untracked 
|  51|0x0000000087300000, 0x0000000087300000, 0x0000000087400000|  0%| F|  |TAMS 0x0000000087300000, 0x0000000087300000| Untracked 
|  52|0x0000000087400000, 0x0000000087400000, 0x0000000087500000|  0%| F|  |TAMS 0x0000000087400000, 0x0000000087400000| Untracked 
|  53|0x0000000087500000, 0x0000000087500000, 0x0000000087600000|  0%| F|  |TAMS 0x0000000087500000, 0x0000000087500000| Untracked 
|  54|0x0000000087600000, 0x0000000087600000, 0x0000000087700000|  0%| F|  |TAMS 0x0000000087600000, 0x0000000087600000| Untracked 
|  55|0x0000000087700000, 0x0000000087700000, 0x0000000087800000|  0%| F|  |TAMS 0x0000000087700000, 0x0000000087700000| Untracked 
|  56|0x0000000087800000, 0x0000000087800000, 0x0000000087900000|  0%| F|  |TAMS 0x0000000087800000, 0x0000000087800000| Untracked 
|  57|0x0000000087900000, 0x0000000087900000, 0x0000000087a00000|  0%| F|  |TAMS 0x0000000087900000, 0x0000000087900000| Untracked 
|  58|0x0000000087a00000, 0x0000000087a00000, 0x0000000087b00000|  0%| F|  |TAMS 0x0000000087a00000, 0x0000000087a00000| Untracked 
|  59|0x0000000087b00000, 0x0000000087b00000, 0x0000000087c00000|  0%| F|  |TAMS 0x0000000087b00000, 0x0000000087b00000| Untracked 
|  60|0x0000000087c00000, 0x0000000087c00000, 0x0000000087d00000|  0%| F|  |TAMS 0x0000000087c00000, 0x0000000087c00000| Untracked 
|  61|0x0000000087d00000, 0x0000000087d00000, 0x0000000087e00000|  0%| F|  |TAMS 0x0000000087d00000, 0x0000000087d00000| Untracked 
|  62|0x0000000087e00000, 0x0000000087e00000, 0x0000000087f00000|  0%| F|  |TAMS 0x0000000087e00000, 0x0000000087e00000| Untracked 
|  63|0x0000000087f00000, 0x0000000087f00000, 0x0000000088000000|  0%| F|  |TAMS 0x0000000087f00000, 0x0000000087f00000| Untracked 
|  64|0x0000000088000000, 0x0000000088000000, 0x0000000088100000|  0%| F|  |TAMS 0x0000000088000000, 0x0000000088000000| Untracked 
|  65|0x0000000088100000, 0x0000000088100000, 0x0000000088200000|  0%| F|  |TAMS 0x0000000088100000, 0x0000000088100000| Untracked 
|  66|0x0000000088200000, 0x0000000088200000, 0x0000000088300000|  0%| F|  |TAMS 0x0000000088200000, 0x0000000088200000| Untracked 
|  67|0x0000000088300000, 0x0000000088300000, 0x0000000088400000|  0%| F|  |TAMS 0x0000000088300000, 0x0000000088300000| Untracked 
|  68|0x0000000088400000, 0x0000000088400000, 0x0000000088500000|  0%| F|  |TAMS 0x0000000088400000, 0x0000000088400000| Untracked 
|  69|0x0000000088500000, 0x0000000088500000, 0x0000000088600000|  0%| F|  |TAMS 0x0000000088500000, 0x0000000088500000| Untracked 
|  70|0x0000000088600000, 0x0000000088600000, 0x0000000088700000|  0%| F|  |TAMS 0x0000000088600000, 0x0000000088600000| Untracked 
|  71|0x0000000088700000, 0x0000000088700000, 0x0000000088800000|  0%| F|  |TAMS 0x0000000088700000, 0x0000000088700000| Untracked 
|  72|0x0000000088800000, 0x0000000088800000, 0x0000000088900000|  0%| F|  |TAMS 0x0000000088800000, 0x0000000088800000| Untracked 
|  73|0x0000000088900000, 0x0000000088900000, 0x0000000088a00000|  0%| F|  |TAMS 0x0000000088900000, 0x0000000088900000| Untracked 
|  74|0x0000000088a00000, 0x0000000088a00000, 0x0000000088b00000|  0%| F|  |TAMS 0x0000000088a00000, 0x0000000088a00000| Untracked 
|  75|0x0000000088b00000, 0x0000000088b00000, 0x0000000088c00000|  0%| F|  |TAMS 0x0000000088b00000, 0x0000000088b00000| Untracked 
|  76|0x0000000088c00000, 0x0000000088c00000, 0x0000000088d00000|  0%| F|  |TAMS 0x0000000088c00000, 0x0000000088c00000| Untracked 
|  77|0x0000000088d00000, 0x0000000088d00000, 0x0000000088e00000|  0%| F|  |TAMS 0x0000000088d00000, 0x0000000088d00000| Untracked 
|  78|0x0000000088e00000, 0x0000000088e00000, 0x0000000088f00000|  0%| F|  |TAMS 0x0000000088e00000, 0x0000000088e00000| Untracked 
|  79|0x0000000088f00000, 0x0000000088f00000, 0x0000000089000000|  0%| F|  |TAMS 0x0000000088f00000, 0x0000000088f00000| Untracked 
|  80|0x0000000089000000, 0x0000000089000000, 0x0000000089100000|  0%| F|  |TAMS 0x0000000089000000, 0x0000000089000000| Untracked 
|  81|0x0000000089100000, 0x0000000089100000, 0x0000000089200000|  0%| F|  |TAMS 0x0000000089100000, 0x0000000089100000| Untracked 
|  82|0x0000000089200000, 0x0000000089200000, 0x0000000089300000|  0%| F|  |TAMS 0x0000000089200000, 0x0000000089200000| Untracked 
|  83|0x0000000089300000, 0x0000000089300000, 0x0000000089400000|  0%| F|  |TAMS 0x0000000089300000, 0x0000000089300000| Untracked 
|  84|0x0000000089400000, 0x0000000089400000, 0x0000000089500000|  0%| F|  |TAMS 0x0000000089400000, 0x0000000089400000| Untracked 
|  85|0x0000000089500000, 0x0000000089500000, 0x0000000089600000|  0%| F|  |TAMS 0x0000000089500000, 0x0000000089500000| Untracked 
|  86|0x0000000089600000, 0x0000000089600000, 0x0000000089700000|  0%| F|  |TAMS 0x0000000089600000, 0x0000000089600000| Untracked 
|  87|0x0000000089700000, 0x0000000089700000, 0x0000000089800000|  0%| F|  |TAMS 0x0000000089700000, 0x0000000089700000| Untracked 
|  88|0x0000000089800000, 0x0000000089800000, 0x0000000089900000|  0%| F|  |TAMS 0x0000000089800000, 0x0000000089800000| Untracked 
|  89|0x0000000089900000, 0x0000000089900000, 0x0000000089a00000|  0%| F|  |TAMS 0x0000000089900000, 0x0000000089900000| Untracked 
|  90|0x0000000089a00000, 0x0000000089a00000, 0x0000000089b00000|  0%| F|  |TAMS 0x0000000089a00000, 0x0000000089a00000| Untracked 
|  91|0x0000000089b00000, 0x0000000089b00000, 0x0000000089c00000|  0%| F|  |TAMS 0x0000000089b00000, 0x0000000089b00000| Untracked 
|  92|0x0000000089c00000, 0x0000000089c00000, 0x0000000089d00000|  0%| F|  |TAMS 0x0000000089c00000, 0x0000000089c00000| Untracked 
|  93|0x0000000089d00000, 0x0000000089d00000, 0x0000000089e00000|  0%| F|  |TAMS 0x0000000089d00000, 0x0000000089d00000| Untracked 
|  94|0x0000000089e00000, 0x0000000089e00000, 0x0000000089f00000|  0%| F|  |TAMS 0x0000000089e00000, 0x0000000089e00000| Untracked 
|  95|0x0000000089f00000, 0x0000000089f00000, 0x000000008a000000|  0%| F|  |TAMS 0x0000000089f00000, 0x0000000089f00000| Untracked 
|  96|0x000000008a000000, 0x000000008a000000, 0x000000008a100000|  0%| F|  |TAMS 0x000000008a000000, 0x000000008a000000| Untracked 
|  97|0x000000008a100000, 0x000000008a100000, 0x000000008a200000|  0%| F|  |TAMS 0x000000008a100000, 0x000000008a100000| Untracked 
|  98|0x000000008a200000, 0x000000008a200000, 0x000000008a300000|  0%| F|  |TAMS 0x000000008a200000, 0x000000008a200000| Untracked 
|  99|0x000000008a300000, 0x000000008a300000, 0x000000008a400000|  0%| F|  |TAMS 0x000000008a300000, 0x000000008a300000| Untracked 
| 100|0x000000008a400000, 0x000000008a400000, 0x000000008a500000|  0%| F|  |TAMS 0x000000008a400000, 0x000000008a400000| Untracked 
| 101|0x000000008a500000, 0x000000008a500000, 0x000000008a600000|  0%| F|  |TAMS 0x000000008a500000, 0x000000008a500000| Untracked 
| 102|0x000000008a600000, 0x000000008a600000, 0x000000008a700000|  0%| F|  |TAMS 0x000000008a600000, 0x000000008a600000| Untracked 
| 103|0x000000008a700000, 0x000000008a700000, 0x000000008a800000|  0%| F|  |TAMS 0x000000008a700000, 0x000000008a700000| Untracked 
| 104|0x000000008a800000, 0x000000008a800000, 0x000000008a900000|  0%| F|  |TAMS 0x000000008a800000, 0x000000008a800000| Untracked 
| 105|0x000000008a900000, 0x000000008a900000, 0x000000008aa00000|  0%| F|  |TAMS 0x000000008a900000, 0x000000008a900000| Untracked 
| 106|0x000000008aa00000, 0x000000008aac2640, 0x000000008ab00000| 75%| S|CS|TAMS 0x000000008aa00000, 0x000000008aa00000| Complete 
| 107|0x000000008ab00000, 0x000000008ac00000, 0x000000008ac00000|100%| S|CS|TAMS 0x000000008ab00000, 0x000000008ab00000| Complete 
| 108|0x000000008ac00000, 0x000000008ad00000, 0x000000008ad00000|100%| S|CS|TAMS 0x000000008ac00000, 0x000000008ac00000| Complete 
| 109|0x000000008ad00000, 0x000000008ae00000, 0x000000008ae00000|100%| S|CS|TAMS 0x000000008ad00000, 0x000000008ad00000| Complete 
| 110|0x000000008ae00000, 0x000000008af00000, 0x000000008af00000|100%| S|CS|TAMS 0x000000008ae00000, 0x000000008ae00000| Complete 
| 111|0x000000008af00000, 0x000000008b000000, 0x000000008b000000|100%| S|CS|TAMS 0x000000008af00000, 0x000000008af00000| Complete 
| 122|0x000000008ba00000, 0x000000008ba00800, 0x000000008bb00000|  0%| E|  |TAMS 0x000000008ba00000, 0x000000008ba00000| Complete 
| 123|0x000000008bb00000, 0x000000008bc00000, 0x000000008bc00000|100%| E|CS|TAMS 0x000000008bb00000, 0x000000008bb00000| Complete 

Card table byte_map: [0x000001f628db0000,0x000001f629190000] _byte_map_base: 0x000001f628990000

Marking Bits (Prev, Next): (CMBitMap*) 0x000001f611e32130, (CMBitMap*) 0x000001f611e320f0
 Prev Bits: [0x000001f62b470000, 0x000001f62d370000)
 Next Bits: [0x000001f629570000, 0x000001f62b470000)

Polling page: 0x000001f60fd60000

Metaspace:

Usage:
  Non-class:     18.11 MB used.
      Class:      2.80 MB used.
       Both:     20.91 MB used.

Virtual space:
  Non-class space:       64.00 MB reserved,      18.25 MB ( 29%) committed,  1 nodes.
      Class space:        1.00 GB reserved,       2.94 MB ( <1%) committed,  1 nodes.
             Both:        1.06 GB reserved,      21.19 MB (  2%) committed. 

Chunk freelists:
   Non-Class:  13.48 MB
       Class:  13.09 MB
        Both:  26.58 MB

MaxMetaspaceSize: unlimited
CompressedClassSpaceSize: 1.00 GB
Initial GC threshold: 21.00 MB
Current GC threshold: 35.31 MB
CDS: on
MetaspaceReclaimPolicy: balanced
 - commit_granule_bytes: 65536.
 - commit_granule_words: 8192.
 - virtual_space_node_default_size: 8388608.
 - enlarge_chunks_in_place: 1.
 - new_chunks_are_fully_committed: 0.
 - uncommit_free_chunks: 1.
 - use_allocation_guard: 0.
 - handle_deallocations: 1.


Internal statistics:

num_allocs_failed_limit: 5.
num_arena_births: 300.
num_arena_deaths: 0.
num_vsnodes_births: 2.
num_vsnodes_deaths: 0.
num_space_committed: 339.
num_space_uncommitted: 0.
num_chunks_returned_to_freelist: 5.
num_chunks_taken_from_freelist: 1073.
num_chunk_merges: 5.
num_chunk_splits: 707.
num_chunks_enlarged: 546.
num_inconsistent_stats: 0.

CodeHeap 'non-profiled nmethods': size=120000Kb used=1301Kb max_used=1301Kb free=118699Kb
 bounds [0x000001f621170000, 0x000001f6213e0000, 0x000001f6286a0000]
CodeHeap 'profiled nmethods': size=120000Kb used=5746Kb max_used=5746Kb free=114253Kb
 bounds [0x000001f6196a0000, 0x000001f619c40000, 0x000001f620bd0000]
CodeHeap 'non-nmethods': size=5760Kb used=1220Kb max_used=1263Kb free=4539Kb
 bounds [0x000001f620bd0000, 0x000001f620e40000, 0x000001f621170000]
 total_blobs=3301 nmethods=2795 adapters=418
 compilation: enabled
              stopped_count=0, restarted_count=0
 full_count=0

Compilation events (20 events):
Event: 3.614 Thread 0x000001f62fd880f0 2794       3       java.lang.invoke.ClassSpecializer$SpeciesData::transformHelper (56 bytes)
Event: 3.615 Thread 0x000001f62fd880f0 nmethod 2794 0x000001f619c33f10 code [0x000001f619c341a0, 0x000001f619c35208]
Event: 3.622 Thread 0x000001f62fd880f0 2795       3       java.util.Collections$SynchronizedCollection::stream (10 bytes)
Event: 3.622 Thread 0x000001f62fd880f0 nmethod 2795 0x000001f619c35690 code [0x000001f619c35840, 0x000001f619c35a08]
Event: 3.624 Thread 0x000001f62fd880f0 2796       3       java.io.BufferedReader::readLine (7 bytes)
Event: 3.624 Thread 0x000001f62fd880f0 nmethod 2796 0x000001f619c35b10 code [0x000001f619c35cc0, 0x000001f619c35e88]
Event: 3.625 Thread 0x000001f62fd880f0 2797       1       java.net.URLConnection::getUseCaches (5 bytes)
Event: 3.626 Thread 0x000001f62fd880f0 nmethod 2797 0x000001f6212b4c90 code [0x000001f6212b4e20, 0x000001f6212b4ef8]
Event: 3.627 Thread 0x000001f62fd880f0 2798       3       org.springframework.boot.context.properties.source.ConfigurationPropertyName::isIndexed (12 bytes)
Event: 3.628 Thread 0x000001f62fd880f0 nmethod 2798 0x000001f619c35f10 code [0x000001f619c360c0, 0x000001f619c36298]
Event: 3.628 Thread 0x000001f62fd880f0 2799       3       org.springframework.boot.context.properties.source.SpringIterableConfigurationPropertySource::containsDescendantOf (102 bytes)
Event: 3.629 Thread 0x000001f62fd880f0 nmethod 2799 0x000001f619c36410 code [0x000001f619c36700, 0x000001f619c376a8]
Event: 3.637 Thread 0x000001f62fd880f0 2801       3       java.util.concurrent.ConcurrentHashMap::resizeStamp (9 bytes)
Event: 3.637 Thread 0x000001f62fd880f0 nmethod 2801 0x000001f619c37c10 code [0x000001f619c37da0, 0x000001f619c37ec8]
Event: 3.640 Thread 0x000001f62fd880f0 2802       3       java.lang.invoke.DirectMethodHandle$Holder::invokeStatic (14 bytes)
Event: 3.641 Thread 0x000001f62fd880f0 nmethod 2802 0x000001f619c37f90 code [0x000001f619c38160, 0x000001f619c385b8]
Event: 3.645 Thread 0x000001f62fd880f0 2803       3       java.lang.invoke.LambdaForm$MH/0x000001f631111c00::invoke (148 bytes)
Event: 3.646 Thread 0x000001f62fd880f0 nmethod 2803 0x000001f619c38710 code [0x000001f619c38980, 0x000001f619c39ae8]
Event: 3.646 Thread 0x000001f62fd880f0 2804       3       java.util.jar.Manifest$FastInputStream::readLine (296 bytes)
Event: 3.647 Thread 0x000001f62fd880f0 nmethod 2804 0x000001f619c39f90 code [0x000001f619c3a1c0, 0x000001f619c3aac8]

GC Heap History (6 events):
Event: 1.132 GC heap before
{Heap before GC invocations=0 (full 0):
 garbage-first heap   total 126976K, used 24576K [0x0000000084000000, 0x0000000100000000)
  region size 1024K, 23 young (23552K), 0 survivors (0K)
 Metaspace       used 4895K, committed 5056K, reserved 1114112K
  class space    used 576K, committed 640K, reserved 1048576K
}
Event: 1.141 GC heap after
{Heap after GC invocations=1 (full 0):
 garbage-first heap   total 126976K, used 9376K [0x0000000084000000, 0x0000000100000000)
  region size 1024K, 3 young (3072K), 3 survivors (3072K)
 Metaspace       used 4895K, committed 5056K, reserved 1114112K
  class space    used 576K, committed 640K, reserved 1048576K
}
Event: 2.133 GC heap before
{Heap before GC invocations=1 (full 0):
 garbage-first heap   total 126976K, used 31904K [0x0000000084000000, 0x0000000100000000)
  region size 1024K, 25 young (25600K), 3 survivors (3072K)
 Metaspace       used 10125K, committed 10368K, reserved 1114112K
  class space    used 1256K, committed 1408K, reserved 1048576K
}
Event: 2.142 GC heap after
{Heap after GC invocations=2 (full 0):
 garbage-first heap   total 126976K, used 11348K [0x0000000084000000, 0x0000000100000000)
  region size 1024K, 2 young (2048K), 2 survivors (2048K)
 Metaspace       used 10125K, committed 10368K, reserved 1114112K
  class space    used 1256K, committed 1408K, reserved 1048576K
}
Event: 3.492 GC heap before
{Heap before GC invocations=2 (full 0):
 garbage-first heap   total 126976K, used 58452K [0x0000000084000000, 0x0000000100000000)
  region size 1024K, 48 young (49152K), 2 survivors (2048K)
 Metaspace       used 19336K, committed 19648K, reserved 1114112K
  class space    used 2667K, committed 2816K, reserved 1048576K
}
Event: 3.499 GC heap after
{Heap after GC invocations=3 (full 0):
 garbage-first heap   total 126976K, used 14368K [0x0000000084000000, 0x0000000100000000)
  region size 1024K, 5 young (5120K), 5 survivors (5120K)
 Metaspace       used 19336K, committed 19648K, reserved 1114112K
  class space    used 2667K, committed 2816K, reserved 1048576K
}

Deoptimization events (20 events):
Event: 3.646 Thread 0x000001f611dd7830 DEOPT PACKING pc=0x000001f62118e2b4 sp=0x000000588a0fa540
Event: 3.646 Thread 0x000001f611dd7830 DEOPT UNPACKING pc=0x000001f620c25ba3 sp=0x000000588a0fa4d0 mode 2
Event: 3.647 Thread 0x000001f611dd7830 DEOPT PACKING pc=0x000001f619c3a968 sp=0x000000588a0fa540
Event: 3.647 Thread 0x000001f611dd7830 DEOPT UNPACKING pc=0x000001f620c266e3 sp=0x000000588a0f99d0 mode 0
Event: 3.648 Thread 0x000001f611dd7830 DEOPT PACKING pc=0x000001f619c3a968 sp=0x000000588a0fa540
Event: 3.648 Thread 0x000001f611dd7830 DEOPT UNPACKING pc=0x000001f620c266e3 sp=0x000000588a0f99d0 mode 0
Event: 3.648 Thread 0x000001f611dd7830 DEOPT PACKING pc=0x000001f619c3a968 sp=0x000000588a0fa540
Event: 3.648 Thread 0x000001f611dd7830 DEOPT UNPACKING pc=0x000001f620c266e3 sp=0x000000588a0f99d0 mode 0
Event: 3.648 Thread 0x000001f611dd7830 DEOPT PACKING pc=0x000001f619c3a968 sp=0x000000588a0fa540
Event: 3.648 Thread 0x000001f611dd7830 DEOPT UNPACKING pc=0x000001f620c266e3 sp=0x000000588a0f99d0 mode 0
Event: 3.648 Thread 0x000001f611dd7830 DEOPT PACKING pc=0x000001f619c3a968 sp=0x000000588a0fa540
Event: 3.648 Thread 0x000001f611dd7830 DEOPT UNPACKING pc=0x000001f620c266e3 sp=0x000000588a0f99d0 mode 0
Event: 3.648 Thread 0x000001f611dd7830 DEOPT PACKING pc=0x000001f619c3a968 sp=0x000000588a0fa540
Event: 3.648 Thread 0x000001f611dd7830 DEOPT UNPACKING pc=0x000001f620c266e3 sp=0x000000588a0f99d0 mode 0
Event: 3.648 Thread 0x000001f611dd7830 DEOPT PACKING pc=0x000001f619c3a968 sp=0x000000588a0fa540
Event: 3.648 Thread 0x000001f611dd7830 DEOPT UNPACKING pc=0x000001f620c266e3 sp=0x000000588a0f99d0 mode 0
Event: 3.649 Thread 0x000001f611dd7830 DEOPT PACKING pc=0x000001f619c3a968 sp=0x000000588a0fa540
Event: 3.649 Thread 0x000001f611dd7830 DEOPT UNPACKING pc=0x000001f620c266e3 sp=0x000000588a0f99d0 mode 0
Event: 3.650 Thread 0x000001f611dd7830 DEOPT PACKING pc=0x000001f619c3a968 sp=0x000000588a0fa540
Event: 3.650 Thread 0x000001f611dd7830 DEOPT UNPACKING pc=0x000001f620c266e3 sp=0x000000588a0f99d0 mode 0

Classes unloaded (0 events):
No events

Classes redefined (0 events):
No events

Internal exceptions (20 events):
Event: 2.697 Thread 0x000001f611dd7830 Exception <a 'java/lang/NoSuchMethodError'{0x000000008ae60a68}: 'java.lang.Object java.lang.invoke.DirectMethodHandle$Holder.invokeStaticInit(java.lang.Object, java.lang.Object, long, java.lang.Object)'> (0x000000008ae60a68) 
thrown [s\open\src\hotspot\share\interpreter\linkResolver.cpp, line 759]
Event: 2.698 Thread 0x000001f611dd7830 Exception <a 'java/lang/NoSuchMethodError'{0x000000008ae676c0}: 'java.lang.Object java.lang.invoke.DirectMethodHandle$Holder.newInvokeSpecial(java.lang.Object, java.lang.Object, long)'> (0x000000008ae676c0) 
thrown [s\open\src\hotspot\share\interpreter\linkResolver.cpp, line 759]
Event: 2.699 Thread 0x000001f611dd7830 Exception <a 'java/lang/NoSuchMethodError'{0x000000008ae6b780}: 'java.lang.Object java.lang.invoke.Invokers$Holder.linkToTargetMethod(java.lang.Object, long, java.lang.Object)'> (0x000000008ae6b780) 
thrown [s\open\src\hotspot\share\interpreter\linkResolver.cpp, line 759]
Event: 2.762 Thread 0x000001f611dd7830 Implicit null exception at 0x000001f6211d208f to 0x000001f6211d2464
Event: 2.781 Thread 0x000001f611dd7830 Exception <a 'java/lang/NoSuchMethodError'{0x000000008ac598e8}: 'java.lang.Object java.lang.invoke.DirectMethodHandle$Holder.invokeSpecial(java.lang.Object, java.lang.Object, java.lang.Object, java.lang.Object, java.lang.Object, java.lang.Object, int)'> (0x000000008ac598e8) 
thrown [s\open\src\hotspot\share\interpreter\linkResolver.cpp, line 759]
Event: 2.781 Thread 0x000001f611dd7830 Exception <a 'java/lang/NoSuchMethodError'{0x000000008ac643a0}: 'java.lang.Object java.lang.invoke.DirectMethodHandle$Holder.newInvokeSpecial(java.lang.Object, java.lang.Object, java.lang.Object, java.lang.Object, java.lang.Object, java.lang.Object, int)'> (0x000000008ac643a0) 
thrown [s\open\src\hotspot\share\interpreter\linkResolver.cpp, line 759]
Event: 2.782 Thread 0x000001f611dd7830 Exception <a 'java/lang/NoSuchMethodError'{0x000000008ac69930}: 'java.lang.Object java.lang.invoke.DirectMethodHandle$Holder.invokeSpecial(java.lang.Object, java.lang.Object, java.lang.Object, java.lang.Object, java.lang.Object, java.lang.Object, java.lang.Object, int)'> (0x000000008ac69930) 
thrown [s\open\src\hotspot\share\interpreter\linkResolver.cpp, line 759]
Event: 2.822 Thread 0x000001f611dd7830 Exception <a 'java/lang/NoSuchMethodError'{0x000000008abcfc00}: 'void java.lang.invoke.DirectMethodHandle$Holder.invokeStatic(java.lang.Object, java.lang.Object, java.lang.Object, java.lang.Object, java.lang.Object, java.lang.Object)'> (0x000000008abcfc00) 
thrown [s\open\src\hotspot\share\interpreter\linkResolver.cpp, line 759]
Event: 2.855 Thread 0x000001f611dd7830 Exception <a 'java/lang/NoSuchMethodError'{0x000000008aabc980}: 'java.lang.Object java.lang.invoke.DirectMethodHandle$Holder.invokeSpecial(java.lang.Object, java.lang.Object, java.lang.Object, int, java.lang.Object)'> (0x000000008aabc980) 
thrown [s\open\src\hotspot\share\interpreter\linkResolver.cpp, line 759]
Event: 2.855 Thread 0x000001f611dd7830 Exception <a 'java/lang/NoSuchMethodError'{0x000000008aac5000}: 'java.lang.Object java.lang.invoke.DirectMethodHandle$Holder.newInvokeSpecial(java.lang.Object, java.lang.Object, java.lang.Object, int, java.lang.Object)'> (0x000000008aac5000) 
thrown [s\open\src\hotspot\share\interpreter\linkResolver.cpp, line 759]
Event: 2.856 Thread 0x000001f611dd7830 Exception <a 'java/lang/NoSuchMethodError'{0x000000008aaccb50}: 'java.lang.Object java.lang.invoke.Invokers$Holder.linkToTargetMethod(java.lang.Object, java.lang.Object, int, java.lang.Object, java.lang.Object)'> (0x000000008aaccb50) 
thrown [s\open\src\hotspot\share\interpreter\linkResolver.cpp, line 759]
Event: 2.857 Thread 0x000001f611dd7830 Exception <a 'java/lang/NoSuchMethodError'{0x000000008aadcab0}: 'java.lang.Object java.lang.invoke.DirectMethodHandle$Holder.newInvokeSpecial(java.lang.Object, int, java.lang.Object)'> (0x000000008aadcab0) 
thrown [s\open\src\hotspot\share\interpreter\linkResolver.cpp, line 759]
Event: 2.958 Thread 0x000001f611dd7830 Exception <a 'java/lang/NoSuchMethodError'{0x000000008a7ef6c8}: 'java.lang.Object java.lang.invoke.DirectMethodHandle$Holder.invokeSpecial(java.lang.Object, java.lang.Object, long, java.lang.Object, java.lang.Object, java.lang.Object, java.lang.Object, java.lang.Object, java.lang.Object)'> (0x000000008a7ef6c8) 
thrown [s\open\src\hotspot\share\interpreter\linkResolver.cpp, line 759]
Event: 2.958 Thread 0x000001f611dd7830 Exception <a 'java/lang/NoSuchMethodError'{0x000000008a7f4740}: 'java.lang.Object java.lang.invoke.DelegatingMethodHandle$Holder.reinvoke_L(java.lang.Object, long, java.lang.Object, java.lang.Object, java.lang.Object, java.lang.Object, java.lang.Object, java.lang.Object)'> (0x000000008a7f4740) 
thrown [s\open\src\hotspot\share\interpreter\linkResolver.cpp, line 759]
Event: 3.034 Thread 0x000001f611dd7830 Implicit null exception at 0x000001f621261899 to 0x000001f621261d94
Event: 3.037 Thread 0x000001f611dd7830 Exception <a 'java/lang/NoSuchMethodError'{0x000000008a367330}: 'void java.lang.invoke.DelegatingMethodHandle$Holder.delegate(java.lang.Object, java.lang.Object, int, java.lang.Object)'> (0x000000008a367330) 
thrown [s\open\src\hotspot\share\interpreter\linkResolver.cpp, line 759]
Event: 3.055 Thread 0x000001f611dd7830 Exception <a 'java/lang/IncompatibleClassChangeError'{0x000000008a2a72c8}: Found class java.lang.Object, but interface was expected> (0x000000008a2a72c8) 
thrown [s\open\src\hotspot\share\interpreter\linkResolver.cpp, line 826]
Event: 3.086 Thread 0x000001f676cc6bf0 Exception <a 'java/lang/NoSuchMethodError'{0x000000008a0e6430}: 'java.lang.Object java.lang.invoke.Invokers$Holder.invoke_MT(java.lang.Object, java.lang.Object, java.lang.Object)'> (0x000000008a0e6430) 
thrown [s\open\src\hotspot\share\interpreter\linkResolver.cpp, line 759]
Event: 3.410 Thread 0x000001f611dd7830 Exception <a 'sun/nio/fs/WindowsException'{0x00000000890a0cd0}> (0x00000000890a0cd0) 
thrown [s\open\src\hotspot\share\prims\jni.cpp, line 516]
Event: 3.413 Thread 0x000001f611dd7830 Exception <a 'sun/nio/fs/WindowsException'{0x00000000890b7d90}> (0x00000000890b7d90) 
thrown [s\open\src\hotspot\share\prims\jni.cpp, line 516]

VM Operations (20 events):
Event: 2.545 Executing VM operation: HandshakeAllThreads
Event: 2.545 Executing VM operation: HandshakeAllThreads done
Event: 2.691 Executing VM operation: HandshakeAllThreads
Event: 2.691 Executing VM operation: HandshakeAllThreads done
Event: 2.830 Executing VM operation: HandshakeAllThreads
Event: 2.830 Executing VM operation: HandshakeAllThreads done
Event: 2.848 Executing VM operation: HandshakeAllThreads
Event: 2.848 Executing VM operation: HandshakeAllThreads done
Event: 2.908 Executing VM operation: ICBufferFull
Event: 2.908 Executing VM operation: ICBufferFull done
Event: 2.949 Executing VM operation: HandshakeAllThreads
Event: 2.949 Executing VM operation: HandshakeAllThreads done
Event: 3.300 Executing VM operation: HandshakeAllThreads
Event: 3.301 Executing VM operation: HandshakeAllThreads done
Event: 3.374 Executing VM operation: HandshakeAllThreads
Event: 3.374 Executing VM operation: HandshakeAllThreads done
Event: 3.435 Executing VM operation: ICBufferFull
Event: 3.435 Executing VM operation: ICBufferFull done
Event: 3.492 Executing VM operation: G1CollectForAllocation
Event: 3.499 Executing VM operation: G1CollectForAllocation done

Events (20 events):
Event: 3.556 loading class com/sun/org/apache/xalan/internal/utils/FeaturePropertyBase
Event: 3.556 loading class com/sun/org/apache/xalan/internal/utils/FeaturePropertyBase done
Event: 3.556 loading class com/sun/org/apache/xalan/internal/utils/XMLSecurityPropertyManager done
Event: 3.556 loading class com/sun/org/apache/xalan/internal/utils/FeaturePropertyBase$State
Event: 3.556 loading class com/sun/org/apache/xalan/internal/utils/FeaturePropertyBase$State done
Event: 3.556 loading class com/sun/org/apache/xalan/internal/utils/XMLSecurityPropertyManager$Property
Event: 3.557 loading class com/sun/org/apache/xalan/internal/utils/XMLSecurityPropertyManager$Property done
Event: 3.557 loading class jdk/xml/internal/XMLSecurityManager
Event: 3.557 loading class jdk/xml/internal/XMLSecurityManager done
Event: 3.557 loading class jdk/xml/internal/XMLSecurityManager$Limit
Event: 3.558 loading class jdk/xml/internal/XMLSecurityManager$Limit done
Event: 3.558 loading class jdk/xml/internal/XMLSecurityManager$Processor
Event: 3.558 loading class jdk/xml/internal/XMLSecurityManager$Processor done
Event: 3.558 loading class jdk/xml/internal/XMLSecurityManager$NameMap
Event: 3.558 loading class jdk/xml/internal/XMLSecurityManager$NameMap done
Event: 3.559 loading class jdk/xml/internal/JdkProperty
Event: 3.559 loading class jdk/xml/internal/JdkProperty done
Event: 3.605 Thread 0x000001f6776db5d0 Thread added: 0x000001f6776db5d0
Event: 3.615 Thread 0x000001f6776db5d0 Thread exited: 0x000001f6776db5d0
Event: 3.638 Thread 0x000001f6776dde50 Thread added: 0x000001f6776dde50


Dynamic libraries:
0x00007ff736d30000 - 0x00007ff736d40000 	C:\Program Files\Java\jdk-17\bin\java.exe
0x00007ffde8f70000 - 0x00007ffde9168000 	C:\Windows\SYSTEM32\ntdll.dll
0x00007ffde8250000 - 0x00007ffde8312000 	C:\Windows\System32\KERNEL32.DLL
0x00007ffde6930000 - 0x00007ffde6c2f000 	C:\Windows\System32\KERNELBASE.dll
0x00007ffde66e0000 - 0x00007ffde67e0000 	C:\Windows\System32\ucrtbase.dll
0x00007ffde2000000 - 0x00007ffde2019000 	C:\Program Files\Java\jdk-17\bin\jli.dll
0x00007ffdc2440000 - 0x00007ffdc245b000 	C:\Program Files\Java\jdk-17\bin\VCRUNTIME140.dll
0x00007ffde8ce0000 - 0x00007ffde8d8f000 	C:\Windows\System32\ADVAPI32.dll
0x00007ffde7600000 - 0x00007ffde769e000 	C:\Windows\System32\msvcrt.dll
0x00007ffde7b50000 - 0x00007ffde7bef000 	C:\Windows\System32\sechost.dll
0x00007ffde8e00000 - 0x00007ffde8f23000 	C:\Windows\System32\RPCRT4.dll
0x00007ffde67e0000 - 0x00007ffde6807000 	C:\Windows\System32\bcrypt.dll
0x00007ffde7f80000 - 0x00007ffde811d000 	C:\Windows\System32\USER32.dll
0x00007ffde6610000 - 0x00007ffde6632000 	C:\Windows\System32\win32u.dll
0x00007ffdd4660000 - 0x00007ffdd48fa000 	C:\Windows\WinSxS\amd64_microsoft.windows.common-controls_6595b64144ccf1df_6.0.19041.4355_none_60b8b9eb71f62e16\COMCTL32.dll
0x00007ffde7bf0000 - 0x00007ffde7c1b000 	C:\Windows\System32\GDI32.dll
0x00007ffde6de0000 - 0x00007ffde6efa000 	C:\Windows\System32\gdi32full.dll
0x00007ffde6640000 - 0x00007ffde66dd000 	C:\Windows\System32\msvcp_win.dll
0x00007ffddfc50000 - 0x00007ffddfc5a000 	C:\Windows\SYSTEM32\VERSION.dll
0x00007ffde8540000 - 0x00007ffde856f000 	C:\Windows\System32\IMM32.DLL
0x00007ffdde9c0000 - 0x00007ffdde9cc000 	C:\Program Files\Java\jdk-17\bin\vcruntime140_1.dll
0x00007ffd98030000 - 0x00007ffd980be000 	C:\Program Files\Java\jdk-17\bin\msvcp140.dll
0x00007ffd39130000 - 0x00007ffd39d10000 	C:\Program Files\Java\jdk-17\bin\server\jvm.dll
0x00007ffde7a90000 - 0x00007ffde7a98000 	C:\Windows\System32\PSAPI.DLL
0x00007ffdd4910000 - 0x00007ffdd4937000 	C:\Windows\SYSTEM32\WINMM.dll
0x00007ffdcada0000 - 0x00007ffdcada9000 	C:\Windows\SYSTEM32\WSOCK32.dll
0x00007ffde8d90000 - 0x00007ffde8dfb000 	C:\Windows\System32\WS2_32.dll
0x00007ffde4df0000 - 0x00007ffde4e02000 	C:\Windows\SYSTEM32\kernel.appcore.dll
0x00007ffdde6e0000 - 0x00007ffdde6ea000 	C:\Program Files\Java\jdk-17\bin\jimage.dll
0x00007ffde4200000 - 0x00007ffde43e4000 	C:\Windows\SYSTEM32\DBGHELP.DLL
0x00007ffdd1960000 - 0x00007ffdd1994000 	C:\Windows\SYSTEM32\dbgcore.DLL
0x00007ffde6f00000 - 0x00007ffde6f82000 	C:\Windows\System32\bcryptPrimitives.dll
0x00007ffdbf8e0000 - 0x00007ffdbf905000 	C:\Program Files\Java\jdk-17\bin\java.dll
0x00007ffd93540000 - 0x00007ffd93617000 	C:\Program Files\Java\jdk-17\bin\jsvml.dll
0x00007ffde8570000 - 0x00007ffde8cdd000 	C:\Windows\System32\SHELL32.dll
0x00007ffde4630000 - 0x00007ffde4dd4000 	C:\Windows\SYSTEM32\windows.storage.dll
0x00007ffde7c20000 - 0x00007ffde7f75000 	C:\Windows\System32\combase.dll
0x00007ffde5f70000 - 0x00007ffde5f9b000 	C:\Windows\SYSTEM32\Wldp.dll
0x00007ffde6ff0000 - 0x00007ffde70bd000 	C:\Windows\System32\OLEAUT32.dll
0x00007ffde77e0000 - 0x00007ffde788d000 	C:\Windows\System32\SHCORE.dll
0x00007ffde8320000 - 0x00007ffde8375000 	C:\Windows\System32\shlwapi.dll
0x00007ffde6540000 - 0x00007ffde6565000 	C:\Windows\SYSTEM32\profapi.dll
0x00007ffdbf530000 - 0x00007ffdbf549000 	C:\Program Files\Java\jdk-17\bin\net.dll
0x00007ffddcdd0000 - 0x00007ffddceda000 	C:\Windows\SYSTEM32\WINHTTP.dll
0x00007ffde5c80000 - 0x00007ffde5cec000 	C:\Windows\system32\mswsock.dll
0x00007ffdbf3f0000 - 0x00007ffdbf406000 	C:\Program Files\Java\jdk-17\bin\nio.dll
0x00007ffdbf1d0000 - 0x00007ffdbf1e8000 	C:\Program Files\Java\jdk-17\bin\zip.dll
0x00007ffdd4300000 - 0x00007ffdd430a000 	C:\Program Files\Java\jdk-17\bin\management.dll
0x00007ffdcadb0000 - 0x00007ffdcadbb000 	C:\Program Files\Java\jdk-17\bin\management_ext.dll

dbghelp: loaded successfully - version: 4.0.5 - missing functions: none
symbol engine: initialized successfully - sym options: 0x614 - pdb path: .;C:\Program Files\Java\jdk-17\bin;C:\Windows\SYSTEM32;C:\Windows\WinSxS\amd64_microsoft.windows.common-controls_6595b64144ccf1df_6.0.19041.4355_none_60b8b9eb71f62e16;C:\Program Files\Java\jdk-17\bin\server

VM Arguments:
java_command: C:\Users\lulit\AppData\Local\Temp\surefire2302892878365498509\surefirebooter-20250424035551124_3.jar C:\Users\lulit\AppData\Local\Temp\surefire2302892878365498509 2025-04-24T03-55-50_793-jvmRun1 surefire-20250424035551124_1tmp surefire_0-20250424035551124_2tmp
java_class_path (initial): C:\Users\lulit\AppData\Local\Temp\surefire2302892878365498509\surefirebooter-20250424035551124_3.jar
Launcher Type: SUN_STANDARD

[Global flags]
     intx CICompilerCount                          = 4                                         {product} {ergonomic}
     uint ConcGCThreads                            = 2                                         {product} {ergonomic}
     uint G1ConcRefinementThreads                  = 8                                         {product} {ergonomic}
   size_t G1HeapRegionSize                         = 1048576                                   {product} {ergonomic}
    uintx GCDrainStackTargetSize                   = 64                                        {product} {ergonomic}
   size_t InitialHeapSize                          = 130023424                                 {product} {ergonomic}
   size_t MarkStackSize                            = 4194304                                   {product} {ergonomic}
   size_t MaxHeapSize                              = 2080374784                                {product} {ergonomic}
   size_t MaxNewSize                               = 1247805440                                {product} {ergonomic}
   size_t MinHeapDeltaBytes                        = 1048576                                   {product} {ergonomic}
   size_t MinHeapSize                              = 8388608                                   {product} {ergonomic}
    uintx NonNMethodCodeHeapSize                   = 5839372                                {pd product} {ergonomic}
    uintx NonProfiledCodeHeapSize                  = 122909434                              {pd product} {ergonomic}
    uintx ProfiledCodeHeapSize                     = 122909434                              {pd product} {ergonomic}
    uintx ReservedCodeCacheSize                    = 251658240                              {pd product} {ergonomic}
     bool SegmentedCodeCache                       = true                                      {product} {ergonomic}
   size_t SoftMaxHeapSize                          = 2080374784                             {manageable} {ergonomic}
     bool UseCompressedClassPointers               = true                           {product lp64_product} {ergonomic}
     bool UseCompressedOops                        = true                           {product lp64_product} {ergonomic}
     bool UseG1GC                                  = true                                      {product} {ergonomic}
     bool UseLargePagesIndividualAllocation        = false                                  {pd product} {ergonomic}

Logging:
Log output configuration:
 #0: stdout all=warning uptime,level,tags
 #1: stderr all=off uptime,level,tags

Environment Variables:
JAVA_HOME=C:\Program Files\Java\jdk-17
PATH=C:\Program Files\Java\jdk-17\bin;C:\Program Files (x86)\Common Files\Oracle\Java\javapath;C:\Program Files\Common Files\Oracle\Java\javapath;C:\Windows\system32;C:\Windows;C:\Windows\System32\Wbem;C:\Windows\System32\WindowsPowerShell\v1.0\;C:\Windows\System32\OpenSSH\;C:\Program Files (x86)\Git\cmd;C:\Program Files (x86)\Google\Cloud SDK\google-cloud-sdk\bin;C:\Program Files\Microsoft SQL Server\Client SDK\ODBC\170\Tools\Binn\;C:\Program Files (x86)\Microsoft SQL Server\150\Tools\Binn\;C:\Program Files\Microsoft SQL Server\150\Tools\Binn\;C:\Program Files\Microsoft SQL Server\150\DTS\Binn\;C:\Program Files (x86)\Microsoft SQL Server\150\DTS\Binn\;C:\Program Files\Azure Data Studio\bin;C:\Program Files\nodejs\;C:\Program Files\Docker\Docker\resources\bin;C:\ProgramData\chocolatey\bin;C:\Program Files\Amazon\AWSCLIV2\;C:\Program Files\MySQL\MySQL Server 8.0\bin;C:\Program Files\Cloudflare\Cloudflare WARP\;C:\Program Files\MySQL\MySQL Shell 8.0\bin\;C:\Users\lulit\AppData\Local\Microsoft\WindowsApps;C:\Users\lu;C:\Gradle\gradle-8.13\bin;C:\Program Files\MySQL\MySQL Shell 8.0\bin\;C:\Users\lulit\AppData\Local\Microsoft\WindowsApps;C:\Program Files\nodejs\;C:\Users\lulit\AppData\Local\GitHubDesktop\bin;C:\Users\lulit\AppData\Local\Programs\Microsoft VS Code\bin;C:\Program Files\MongoDB\Server\5.0\bin\;C:\Users\lulit\AppData\Local\Programs\mongosh\;C:\Program Files\MongoDB\Tools\100\bin\;C:\Program Files\apache-maven-3.8.3-bin\apache-maven-3.8.3\bin\;;C:\Program Files\Azure Data Studio\bin;C:\Users\lulit\AppData\Roaming\npm
USERNAME=lulit
OS=Windows_NT
PROCESSOR_IDENTIFIER=Intel64 Family 6 Model 126 Stepping 5, GenuineIntel



---------------  S Y S T E M  ---------------

OS:
 Windows 10 , 64 bit Build 19041 (10.0.19041.5438)
OS uptime: 4 days 14:40 hours
Hyper-V role detected

CPU: total 8 (initial active 8) (4 cores per cpu, 2 threads per core) family 6 model 126 stepping 5 microcode 0x78, cx8, cmov, fxsr, ht, mmx, 3dnowpref, sse, sse2, sse3, ssse3, sse4.1, sse4.2, popcnt, lzcnt, tsc, tscinvbit, avx, avx2, aes, erms, clmul, bmi1, bmi2, adx, avx512f, avx512dq, avx512cd, avx512bw, avx512vl, sha, fma, vzeroupper, avx512_vpopcntdq, avx512_vpclmulqdq, avx512_vaes, avx512_vnni, clflush, clflushopt, avx512_vbmi2, avx512_vbmi, hv

Memory: 4k page, system-wide physical 7934M (507M free)
TotalPageFile size 23260M (AvailPageFile size 70M)
current process WorkingSet (physical memory assigned to process): 127M, peak: 170M
current process commit charge ("private bytes"): 212M, peak: 279M

vm_info: Java HotSpot(TM) 64-Bit Server VM (17.0.12+8-LTS-286) for windows-amd64 JRE (17.0.12+8-LTS-286), built on Jun  5 2024 06:46:59 by "mach5one" with MS VC++ 17.6 (VS2022)

END.
